mode: set
github.com/remiges-tech/crux/db/pg.go:10.59,13.16 3 1
github.com/remiges-tech/crux/db/pg.go:13.16,15.3 1 0
github.com/remiges-tech/crux/db/pg.go:16.2,17.16 2 1
github.com/remiges-tech/crux/db/pg.go:17.16,19.3 1 0
github.com/remiges-tech/crux/db/pg.go:20.2,20.32 1 1
github.com/remiges-tech/crux/db/sqlc-gen/db.go:20.28,22.2 1 1
github.com/remiges-tech/crux/db/sqlc-gen/db.go:28.46,32.2 1 0
github.com/remiges-tech/crux/db/sqlc-gen/models.go:21.48,22.25 1 0
github.com/remiges-tech/crux/db/sqlc-gen/models.go:23.14,24.19 1 0
github.com/remiges-tech/crux/db/sqlc-gen/models.go:25.14,26.19 1 0
github.com/remiges-tech/crux/db/sqlc-gen/models.go:27.10,28.67 1 0
github.com/remiges-tech/crux/db/sqlc-gen/models.go:30.2,30.12 1 0
github.com/remiges-tech/crux/db/sqlc-gen/models.go:39.55,40.18 1 0
github.com/remiges-tech/crux/db/sqlc-gen/models.go:40.18,43.3 2 0
github.com/remiges-tech/crux/db/sqlc-gen/models.go:44.2,45.32 2 0
github.com/remiges-tech/crux/db/sqlc-gen/models.go:49.54,50.15 1 0
github.com/remiges-tech/crux/db/sqlc-gen/models.go:50.15,52.3 1 0
github.com/remiges-tech/crux/db/sqlc-gen/models.go:53.2,53.33 1 0
github.com/remiges-tech/crux/db/sqlc-gen/ruleset.sql.go:26.81,31.2 4 0
github.com/remiges-tech/crux/db/sqlc-gen/ruleset.sql.go:45.85,50.2 4 0
github.com/remiges-tech/crux/db/sqlc-gen/ruleset.sql.go:65.108,75.2 4 0
github.com/remiges-tech/crux/db/sqlc-gen/ruleset.sql.go:90.105,100.2 4 0
github.com/remiges-tech/crux/db/sqlc-gen/ruleset.sql.go:146.99,169.2 4 0
github.com/remiges-tech/crux/db/sqlc-gen/schema.sql.go:21.78,25.2 3 0
github.com/remiges-tech/crux/db/sqlc-gen/schema.sql.go:64.95,66.16 2 1
github.com/remiges-tech/crux/db/sqlc-gen/schema.sql.go:66.16,68.3 1 0
github.com/remiges-tech/crux/db/sqlc-gen/schema.sql.go:69.2,71.18 3 1
github.com/remiges-tech/crux/db/sqlc-gen/schema.sql.go:71.18,82.17 2 1
github.com/remiges-tech/crux/db/sqlc-gen/schema.sql.go:82.17,84.4 1 0
github.com/remiges-tech/crux/db/sqlc-gen/schema.sql.go:85.3,85.27 1 1
github.com/remiges-tech/crux/db/sqlc-gen/schema.sql.go:87.2,87.35 1 1
github.com/remiges-tech/crux/db/sqlc-gen/schema.sql.go:87.35,89.3 1 0
github.com/remiges-tech/crux/db/sqlc-gen/schema.sql.go:90.2,90.19 1 1
github.com/remiges-tech/crux/db/sqlc-gen/schema.sql.go:122.76,124.16 2 1
github.com/remiges-tech/crux/db/sqlc-gen/schema.sql.go:124.16,126.3 1 0
github.com/remiges-tech/crux/db/sqlc-gen/schema.sql.go:127.2,129.18 3 1
github.com/remiges-tech/crux/db/sqlc-gen/schema.sql.go:129.18,141.17 2 1
github.com/remiges-tech/crux/db/sqlc-gen/schema.sql.go:141.17,143.4 1 0
github.com/remiges-tech/crux/db/sqlc-gen/schema.sql.go:144.3,144.27 1 1
github.com/remiges-tech/crux/db/sqlc-gen/schema.sql.go:146.2,146.35 1 1
github.com/remiges-tech/crux/db/sqlc-gen/schema.sql.go:146.35,148.3 1 0
github.com/remiges-tech/crux/db/sqlc-gen/schema.sql.go:149.2,149.19 1 1
github.com/remiges-tech/crux/db/sqlc-gen/schema.sql.go:183.98,185.16 2 1
github.com/remiges-tech/crux/db/sqlc-gen/schema.sql.go:185.16,187.3 1 0
github.com/remiges-tech/crux/db/sqlc-gen/schema.sql.go:188.2,190.18 3 1
github.com/remiges-tech/crux/db/sqlc-gen/schema.sql.go:190.18,202.17 2 1
github.com/remiges-tech/crux/db/sqlc-gen/schema.sql.go:202.17,204.4 1 0
github.com/remiges-tech/crux/db/sqlc-gen/schema.sql.go:205.3,205.27 1 1
github.com/remiges-tech/crux/db/sqlc-gen/schema.sql.go:207.2,207.35 1 1
github.com/remiges-tech/crux/db/sqlc-gen/schema.sql.go:207.35,209.3 1 0
github.com/remiges-tech/crux/db/sqlc-gen/schema.sql.go:210.2,210.19 1 1
github.com/remiges-tech/crux/db/sqlc-gen/schema.sql.go:248.137,250.16 2 1
github.com/remiges-tech/crux/db/sqlc-gen/schema.sql.go:250.16,252.3 1 0
github.com/remiges-tech/crux/db/sqlc-gen/schema.sql.go:253.2,255.18 3 1
github.com/remiges-tech/crux/db/sqlc-gen/schema.sql.go:255.18,266.17 2 1
github.com/remiges-tech/crux/db/sqlc-gen/schema.sql.go:266.17,268.4 1 0
github.com/remiges-tech/crux/db/sqlc-gen/schema.sql.go:269.3,269.27 1 1
github.com/remiges-tech/crux/db/sqlc-gen/schema.sql.go:271.2,271.35 1 1
github.com/remiges-tech/crux/db/sqlc-gen/schema.sql.go:271.35,273.3 1 0
github.com/remiges-tech/crux/db/sqlc-gen/schema.sql.go:274.2,274.19 1 1
github.com/remiges-tech/crux/db/sqlc-gen/schema.sql.go:312.137,314.16 2 1
github.com/remiges-tech/crux/db/sqlc-gen/schema.sql.go:314.16,316.3 1 0
github.com/remiges-tech/crux/db/sqlc-gen/schema.sql.go:317.2,319.18 3 1
github.com/remiges-tech/crux/db/sqlc-gen/schema.sql.go:319.18,330.17 2 1
github.com/remiges-tech/crux/db/sqlc-gen/schema.sql.go:330.17,332.4 1 0
github.com/remiges-tech/crux/db/sqlc-gen/schema.sql.go:333.3,333.27 1 1
github.com/remiges-tech/crux/db/sqlc-gen/schema.sql.go:335.2,335.35 1 1
github.com/remiges-tech/crux/db/sqlc-gen/schema.sql.go:335.35,337.3 1 0
github.com/remiges-tech/crux/db/sqlc-gen/schema.sql.go:338.2,338.19 1 1
github.com/remiges-tech/crux/db/sqlc-gen/schema.sql.go:370.104,372.16 2 1
github.com/remiges-tech/crux/db/sqlc-gen/schema.sql.go:372.16,374.3 1 0
github.com/remiges-tech/crux/db/sqlc-gen/schema.sql.go:375.2,377.18 3 1
github.com/remiges-tech/crux/db/sqlc-gen/schema.sql.go:377.18,388.17 2 1
github.com/remiges-tech/crux/db/sqlc-gen/schema.sql.go:388.17,390.4 1 0
github.com/remiges-tech/crux/db/sqlc-gen/schema.sql.go:391.3,391.27 1 1
github.com/remiges-tech/crux/db/sqlc-gen/schema.sql.go:393.2,393.35 1 1
github.com/remiges-tech/crux/db/sqlc-gen/schema.sql.go:393.35,395.3 1 0
github.com/remiges-tech/crux/db/sqlc-gen/schema.sql.go:396.2,396.19 1 1
github.com/remiges-tech/crux/db/sqlc-gen/schema.sql.go:434.143,436.16 2 1
github.com/remiges-tech/crux/db/sqlc-gen/schema.sql.go:436.16,438.3 1 0
github.com/remiges-tech/crux/db/sqlc-gen/schema.sql.go:439.2,441.18 3 1
github.com/remiges-tech/crux/db/sqlc-gen/schema.sql.go:441.18,452.17 2 1
github.com/remiges-tech/crux/db/sqlc-gen/schema.sql.go:452.17,454.4 1 0
github.com/remiges-tech/crux/db/sqlc-gen/schema.sql.go:455.3,455.27 1 1
github.com/remiges-tech/crux/db/sqlc-gen/schema.sql.go:457.2,457.35 1 1
github.com/remiges-tech/crux/db/sqlc-gen/schema.sql.go:457.35,459.3 1 0
github.com/remiges-tech/crux/db/sqlc-gen/schema.sql.go:460.2,460.19 1 1
github.com/remiges-tech/crux/db/sqlc-gen/schema.sql.go:492.103,494.16 2 1
github.com/remiges-tech/crux/db/sqlc-gen/schema.sql.go:494.16,496.3 1 0
github.com/remiges-tech/crux/db/sqlc-gen/schema.sql.go:497.2,499.18 3 1
github.com/remiges-tech/crux/db/sqlc-gen/schema.sql.go:499.18,510.17 2 1
github.com/remiges-tech/crux/db/sqlc-gen/schema.sql.go:510.17,512.4 1 0
github.com/remiges-tech/crux/db/sqlc-gen/schema.sql.go:513.3,513.27 1 1
github.com/remiges-tech/crux/db/sqlc-gen/schema.sql.go:515.2,515.35 1 1
github.com/remiges-tech/crux/db/sqlc-gen/schema.sql.go:515.35,517.3 1 0
github.com/remiges-tech/crux/db/sqlc-gen/schema.sql.go:518.2,518.19 1 1
github.com/remiges-tech/crux/db/sqlc-gen/schema.sql.go:550.86,565.2 4 1
github.com/remiges-tech/crux/db/sqlc-gen/schema.sql.go:591.92,603.2 4 1
github.com/remiges-tech/crux/db/sqlc-gen/schema.sql.go:622.105,627.2 4 0
github.com/remiges-tech/crux/db/sqlc-gen/schema.sql.go:656.87,659.2 2 1
github.com/remiges-tech/crux/db/sqlc-gen/schema.sql.go:692.99,708.2 4 1
github.com/remiges-tech/crux/db/sqlc-gen/wfinstance.sql.go:29.101,36.16 2 0
github.com/remiges-tech/crux/db/sqlc-gen/wfinstance.sql.go:36.16,38.3 1 0
github.com/remiges-tech/crux/db/sqlc-gen/wfinstance.sql.go:39.2,41.18 3 0
github.com/remiges-tech/crux/db/sqlc-gen/wfinstance.sql.go:41.18,55.17 2 0
github.com/remiges-tech/crux/db/sqlc-gen/wfinstance.sql.go:55.17,57.4 1 0
github.com/remiges-tech/crux/db/sqlc-gen/wfinstance.sql.go:58.3,58.27 1 0
github.com/remiges-tech/crux/db/sqlc-gen/wfinstance.sql.go:60.2,60.35 1 0
github.com/remiges-tech/crux/db/sqlc-gen/wfinstance.sql.go:60.35,62.3 1 0
github.com/remiges-tech/crux/db/sqlc-gen/wfinstance.sql.go:63.2,63.19 1 0
github.com/remiges-tech/crux/server/schema/schema_delete.go:15.55,22.16 5 1
github.com/remiges-tech/crux/server/schema/schema_delete.go:22.16,25.3 2 0
github.com/remiges-tech/crux/server/schema/schema_delete.go:27.2,27.84 1 1
github.com/remiges-tech/crux/server/schema/schema_delete.go:27.84,27.105 1 1
github.com/remiges-tech/crux/server/schema/schema_delete.go:28.2,28.23 1 1
github.com/remiges-tech/crux/server/schema/schema_delete.go:28.23,32.3 3 1
github.com/remiges-tech/crux/server/schema/schema_delete.go:34.2,39.16 2 1
github.com/remiges-tech/crux/server/schema/schema_delete.go:39.16,43.3 3 0
github.com/remiges-tech/crux/server/schema/schema_delete.go:46.2,47.67 2 1
github.com/remiges-tech/crux/server/schema/schema_get.go:21.52,27.16 5 1
github.com/remiges-tech/crux/server/schema/schema_get.go:27.16,30.3 2 0
github.com/remiges-tech/crux/server/schema/schema_get.go:32.2,32.84 1 1
github.com/remiges-tech/crux/server/schema/schema_get.go:32.84,32.105 1 1
github.com/remiges-tech/crux/server/schema/schema_get.go:33.2,33.23 1 1
github.com/remiges-tech/crux/server/schema/schema_get.go:33.23,37.3 3 1
github.com/remiges-tech/crux/server/schema/schema_get.go:39.2,44.16 2 1
github.com/remiges-tech/crux/server/schema/schema_get.go:44.16,48.3 3 0
github.com/remiges-tech/crux/server/schema/schema_get.go:50.2,51.74 2 1
github.com/remiges-tech/crux/server/schema/schema_list.go:13.53,36.16 5 1
github.com/remiges-tech/crux/server/schema/schema_list.go:36.16,39.3 2 1
github.com/remiges-tech/crux/server/schema/schema_list.go:42.2,42.87 1 1
github.com/remiges-tech/crux/server/schema/schema_list.go:42.87,42.108 1 1
github.com/remiges-tech/crux/server/schema/schema_list.go:43.2,43.31 1 1
github.com/remiges-tech/crux/server/schema/schema_list.go:43.31,46.3 2 1
github.com/remiges-tech/crux/server/schema/schema_list.go:47.2,48.9 2 1
github.com/remiges-tech/crux/server/schema/schema_list.go:48.9,52.3 3 0
github.com/remiges-tech/crux/server/schema/schema_list.go:54.2,54.14 1 1
github.com/remiges-tech/crux/server/schema/schema_list.go:55.59,57.41 2 1
github.com/remiges-tech/crux/server/schema/schema_list.go:57.41,61.4 3 0
github.com/remiges-tech/crux/server/schema/schema_list.go:62.3,62.119 1 1
github.com/remiges-tech/crux/server/schema/schema_list.go:63.59,65.41 2 1
github.com/remiges-tech/crux/server/schema/schema_list.go:65.41,69.4 3 0
github.com/remiges-tech/crux/server/schema/schema_list.go:70.3,70.119 1 1
github.com/remiges-tech/crux/server/schema/schema_list.go:71.59,73.41 2 1
github.com/remiges-tech/crux/server/schema/schema_list.go:73.41,77.4 3 0
github.com/remiges-tech/crux/server/schema/schema_list.go:78.3,78.119 1 1
github.com/remiges-tech/crux/server/schema/schema_list.go:79.59,81.41 2 1
github.com/remiges-tech/crux/server/schema/schema_list.go:81.41,85.4 3 0
github.com/remiges-tech/crux/server/schema/schema_list.go:86.3,86.119 1 1
github.com/remiges-tech/crux/server/schema/schema_list.go:87.59,89.41 2 1
github.com/remiges-tech/crux/server/schema/schema_list.go:89.41,93.4 3 0
github.com/remiges-tech/crux/server/schema/schema_list.go:94.3,94.119 1 1
github.com/remiges-tech/crux/server/schema/schema_list.go:95.59,97.41 2 1
github.com/remiges-tech/crux/server/schema/schema_list.go:97.41,101.4 3 0
github.com/remiges-tech/crux/server/schema/schema_list.go:102.3,102.119 1 1
github.com/remiges-tech/crux/server/schema/schema_list.go:103.59,105.34 2 1
github.com/remiges-tech/crux/server/schema/schema_list.go:105.34,109.4 3 0
github.com/remiges-tech/crux/server/schema/schema_list.go:110.3,110.115 1 1
github.com/remiges-tech/crux/server/schema/schema_list.go:112.10,114.41 2 1
github.com/remiges-tech/crux/server/schema/schema_list.go:114.41,117.4 2 0
github.com/remiges-tech/crux/server/schema/schema_list.go:118.3,118.119 1 1
github.com/remiges-tech/crux/server/schema/schema_new.go:14.52,38.16 6 1
github.com/remiges-tech/crux/server/schema/schema_new.go:38.16,41.3 2 1
github.com/remiges-tech/crux/server/schema/schema_new.go:44.2,44.87 1 1
github.com/remiges-tech/crux/server/schema/schema_new.go:44.87,44.108 1 1
github.com/remiges-tech/crux/server/schema/schema_new.go:45.2,47.31 3 1
github.com/remiges-tech/crux/server/schema/schema_new.go:47.31,50.3 2 1
github.com/remiges-tech/crux/server/schema/schema_new.go:52.2,53.9 2 1
github.com/remiges-tech/crux/server/schema/schema_new.go:53.9,57.3 3 0
github.com/remiges-tech/crux/server/schema/schema_new.go:58.2,59.16 2 1
github.com/remiges-tech/crux/server/schema/schema_new.go:59.16,64.3 4 0
github.com/remiges-tech/crux/server/schema/schema_new.go:66.2,67.16 2 1
github.com/remiges-tech/crux/server/schema/schema_new.go:67.16,72.3 4 0
github.com/remiges-tech/crux/server/schema/schema_new.go:73.2,74.16 2 1
github.com/remiges-tech/crux/server/schema/schema_new.go:74.16,78.3 3 0
github.com/remiges-tech/crux/server/schema/schema_new.go:79.2,80.44 2 1
github.com/remiges-tech/crux/server/schema/schema_new.go:83.64,91.2 6 1
github.com/remiges-tech/crux/server/schema/schema_update.go:14.55,39.16 6 1
github.com/remiges-tech/crux/server/schema/schema_update.go:39.16,42.3 2 1
github.com/remiges-tech/crux/server/schema/schema_update.go:45.2,45.87 1 1
github.com/remiges-tech/crux/server/schema/schema_update.go:45.87,45.108 1 1
github.com/remiges-tech/crux/server/schema/schema_update.go:46.2,48.31 3 1
github.com/remiges-tech/crux/server/schema/schema_update.go:48.31,51.3 2 1
github.com/remiges-tech/crux/server/schema/schema_update.go:53.2,54.9 2 1
github.com/remiges-tech/crux/server/schema/schema_update.go:54.9,58.3 3 0
github.com/remiges-tech/crux/server/schema/schema_update.go:59.2,60.16 2 1
github.com/remiges-tech/crux/server/schema/schema_update.go:60.16,65.3 4 0
github.com/remiges-tech/crux/server/schema/schema_update.go:67.2,68.16 2 1
github.com/remiges-tech/crux/server/schema/schema_update.go:68.16,73.3 4 0
github.com/remiges-tech/crux/server/schema/schema_update.go:74.2,75.16 2 1
github.com/remiges-tech/crux/server/schema/schema_update.go:75.16,79.3 3 0
github.com/remiges-tech/crux/server/schema/schema_update.go:80.2,95.47 3 1
github.com/remiges-tech/crux/server/utils/utils.go:19.74,23.37 3 1
github.com/remiges-tech/crux/server/utils/utils.go:23.37,25.39 2 1
github.com/remiges-tech/crux/server/utils/utils.go:25.39,29.4 3 1
github.com/remiges-tech/crux/server/utils/utils.go:30.3,30.38 1 1
github.com/remiges-tech/crux/server/utils/utils.go:30.38,34.4 3 1
github.com/remiges-tech/crux/server/utils/utils.go:35.3,35.64 1 1
github.com/remiges-tech/crux/server/utils/utils.go:35.64,39.4 3 1
github.com/remiges-tech/crux/server/utils/utils.go:40.3,40.68 1 1
github.com/remiges-tech/crux/server/utils/utils.go:40.68,44.4 3 1
github.com/remiges-tech/crux/server/utils/utils.go:45.3,45.62 1 1
github.com/remiges-tech/crux/server/utils/utils.go:45.62,49.4 3 0
github.com/remiges-tech/crux/server/utils/utils.go:50.3,50.62 1 1
github.com/remiges-tech/crux/server/utils/utils.go:50.62,54.4 3 0
github.com/remiges-tech/crux/server/utils/utils.go:55.3,55.64 1 1
github.com/remiges-tech/crux/server/utils/utils.go:55.64,59.4 3 1
github.com/remiges-tech/crux/server/utils/utils.go:60.3,60.64 1 1
github.com/remiges-tech/crux/server/utils/utils.go:60.64,64.4 3 1
github.com/remiges-tech/crux/server/utils/utils.go:65.3,65.62 1 1
github.com/remiges-tech/crux/server/utils/utils.go:65.62,69.4 3 1
github.com/remiges-tech/crux/server/utils/utils.go:70.3,70.62 1 1
github.com/remiges-tech/crux/server/utils/utils.go:70.62,74.4 3 1
github.com/remiges-tech/crux/server/utils/utils.go:76.2,76.25 1 1
github.com/remiges-tech/crux/server/utils/utils.go:79.72,82.32 3 1
github.com/remiges-tech/crux/server/utils/utils.go:82.32,83.28 1 1
github.com/remiges-tech/crux/server/utils/utils.go:83.28,87.4 3 1
github.com/remiges-tech/crux/server/utils/utils.go:89.2,89.41 1 1
github.com/remiges-tech/crux/server/utils/utils.go:89.41,90.32 1 1
github.com/remiges-tech/crux/server/utils/utils.go:90.32,94.4 3 1
github.com/remiges-tech/crux/server/utils/utils.go:96.2,96.25 1 1
github.com/remiges-tech/crux/testutils/test_utils.go:13.35,15.16 2 1
github.com/remiges-tech/crux/testutils/test_utils.go:15.16,17.3 1 0
github.com/remiges-tech/crux/testutils/test_utils.go:18.2,18.17 1 1
github.com/remiges-tech/crux/testutils/test_utils.go:21.56,24.16 2 1
github.com/remiges-tech/crux/testutils/test_utils.go:24.16,26.3 1 0
github.com/remiges-tech/crux/testutils/test_utils.go:27.2,29.16 3 1
github.com/remiges-tech/crux/testutils/test_utils.go:29.16,31.3 1 0
github.com/remiges-tech/crux/testutils/test_utils.go:32.2,32.22 1 1
github.com/remiges-tech/crux/types/types.go:70.39,71.13 1 0
github.com/remiges-tech/crux/types/types.go:72.31,73.14 1 0
github.com/remiges-tech/crux/types/types.go:75.2,75.14 1 0
github.com/remiges-tech/crux/types/types.go:81.58,83.19 2 0
github.com/remiges-tech/crux/types/types.go:84.18,85.38 1 0
github.com/remiges-tech/crux/types/types.go:86.15,87.52 1 0
github.com/remiges-tech/crux/types/types.go:88.12,89.51 1 0
github.com/remiges-tech/crux/types/types.go:90.10,91.41 1 0
github.com/remiges-tech/crux/types/types.go:93.2,93.13 1 0
github.com/remiges-tech/crux/types/types.go:96.35,98.16 2 1
github.com/remiges-tech/crux/types/types.go:98.16,100.3 1 0
github.com/remiges-tech/crux/types/types.go:101.2,101.17 1 1
github.com/remiges-tech/crux/types/types.go:104.56,107.16 2 1
github.com/remiges-tech/crux/types/types.go:107.16,109.3 1 0
github.com/remiges-tech/crux/types/types.go:110.2,112.16 3 1
github.com/remiges-tech/crux/types/types.go:112.16,114.3 1 0
github.com/remiges-tech/crux/types/types.go:115.2,115.22 1 1
