mode: set
github.com/remiges-tech/crux/db/error.go:17.59,20.28 2 0
github.com/remiges-tech/crux/db/error.go:20.28,21.21 1 0
github.com/remiges-tech/crux/db/error.go:22.16,23.119 1 0
github.com/remiges-tech/crux/db/error.go:24.16,25.115 1 0
github.com/remiges-tech/crux/db/error.go:26.16,27.112 1 0
github.com/remiges-tech/crux/db/error.go:28.16,29.117 1 0
github.com/remiges-tech/crux/db/error.go:30.16,31.117 1 0
github.com/remiges-tech/crux/db/error.go:32.16,33.117 1 0
github.com/remiges-tech/crux/db/error.go:34.16,35.117 1 0
github.com/remiges-tech/crux/db/error.go:36.16,37.117 1 0
github.com/remiges-tech/crux/db/error.go:39.8,39.51 1 0
github.com/remiges-tech/crux/db/error.go:39.51,42.3 2 0
github.com/remiges-tech/crux/db/error.go:42.8,44.3 1 0
github.com/remiges-tech/crux/db/error.go:45.2,45.32 1 0
github.com/remiges-tech/crux/db/pg.go:9.60,12.16 3 1
github.com/remiges-tech/crux/db/pg.go:12.16,14.3 1 0
github.com/remiges-tech/crux/db/pg.go:15.2,16.16 2 1
github.com/remiges-tech/crux/db/pg.go:16.16,18.3 1 0
github.com/remiges-tech/crux/db/pg.go:19.2,19.22 1 1
github.com/remiges-tech/crux/db/sqlc-gen/db.go:20.28,22.2 1 1
github.com/remiges-tech/crux/db/sqlc-gen/db.go:28.46,32.2 1 0
github.com/remiges-tech/crux/db/sqlc-gen/models.go:21.48,22.25 1 0
github.com/remiges-tech/crux/db/sqlc-gen/models.go:23.14,24.19 1 0
github.com/remiges-tech/crux/db/sqlc-gen/models.go:25.14,26.19 1 0
github.com/remiges-tech/crux/db/sqlc-gen/models.go:27.10,28.67 1 0
github.com/remiges-tech/crux/db/sqlc-gen/models.go:30.2,30.12 1 0
github.com/remiges-tech/crux/db/sqlc-gen/models.go:39.55,40.18 1 0
github.com/remiges-tech/crux/db/sqlc-gen/models.go:40.18,43.3 2 0
github.com/remiges-tech/crux/db/sqlc-gen/models.go:44.2,45.32 2 0
github.com/remiges-tech/crux/db/sqlc-gen/models.go:49.54,50.15 1 0
github.com/remiges-tech/crux/db/sqlc-gen/models.go:50.15,52.3 1 0
github.com/remiges-tech/crux/db/sqlc-gen/models.go:53.2,53.33 1 0
github.com/remiges-tech/crux/db/sqlc-gen/ruleset.sql.go:33.81,43.2 4 1
github.com/remiges-tech/crux/db/sqlc-gen/ruleset.sql.go:63.85,73.2 4 1
github.com/remiges-tech/crux/db/sqlc-gen/ruleset.sql.go:95.108,106.2 4 1
github.com/remiges-tech/crux/db/sqlc-gen/ruleset.sql.go:128.105,139.2 4 1
github.com/remiges-tech/crux/db/sqlc-gen/ruleset.sql.go:157.98,178.2 4 0
github.com/remiges-tech/crux/db/sqlc-gen/ruleset.sql.go:204.81,219.2 2 0
github.com/remiges-tech/crux/db/sqlc-gen/ruleset.sql.go:245.108,255.2 1 0
github.com/remiges-tech/crux/db/sqlc-gen/ruleset.sql.go:277.108,285.2 1 0
github.com/remiges-tech/crux/db/sqlc-gen/ruleset.sql.go:336.104,346.16 2 0
github.com/remiges-tech/crux/db/sqlc-gen/ruleset.sql.go:346.16,348.3 1 0
github.com/remiges-tech/crux/db/sqlc-gen/ruleset.sql.go:349.2,351.18 3 0
github.com/remiges-tech/crux/db/sqlc-gen/ruleset.sql.go:351.18,365.17 2 0
github.com/remiges-tech/crux/db/sqlc-gen/ruleset.sql.go:365.17,367.4 1 0
github.com/remiges-tech/crux/db/sqlc-gen/ruleset.sql.go:368.3,368.27 1 0
github.com/remiges-tech/crux/db/sqlc-gen/ruleset.sql.go:370.2,370.35 1 0
github.com/remiges-tech/crux/db/sqlc-gen/ruleset.sql.go:370.35,372.3 1 0
github.com/remiges-tech/crux/db/sqlc-gen/ruleset.sql.go:373.2,373.19 1 0
github.com/remiges-tech/crux/db/sqlc-gen/ruleset.sql.go:423.99,447.2 4 0
github.com/remiges-tech/crux/db/sqlc-gen/schema.sql.go:45.117,57.2 4 0
github.com/remiges-tech/crux/db/sqlc-gen/schema.sql.go:63.78,67.2 3 0
github.com/remiges-tech/crux/db/sqlc-gen/schema.sql.go:97.95,99.16 2 0
github.com/remiges-tech/crux/db/sqlc-gen/schema.sql.go:99.16,101.3 1 0
github.com/remiges-tech/crux/db/sqlc-gen/schema.sql.go:102.2,104.18 3 0
github.com/remiges-tech/crux/db/sqlc-gen/schema.sql.go:104.18,115.17 2 0
github.com/remiges-tech/crux/db/sqlc-gen/schema.sql.go:115.17,117.4 1 0
github.com/remiges-tech/crux/db/sqlc-gen/schema.sql.go:118.3,118.27 1 0
github.com/remiges-tech/crux/db/sqlc-gen/schema.sql.go:120.2,120.35 1 0
github.com/remiges-tech/crux/db/sqlc-gen/schema.sql.go:120.35,122.3 1 0
github.com/remiges-tech/crux/db/sqlc-gen/schema.sql.go:123.2,123.19 1 0
github.com/remiges-tech/crux/db/sqlc-gen/schema.sql.go:145.76,147.16 2 0
github.com/remiges-tech/crux/db/sqlc-gen/schema.sql.go:147.16,149.3 1 0
github.com/remiges-tech/crux/db/sqlc-gen/schema.sql.go:150.2,152.18 3 0
github.com/remiges-tech/crux/db/sqlc-gen/schema.sql.go:152.18,164.17 2 0
github.com/remiges-tech/crux/db/sqlc-gen/schema.sql.go:164.17,166.4 1 0
github.com/remiges-tech/crux/db/sqlc-gen/schema.sql.go:167.3,167.27 1 0
github.com/remiges-tech/crux/db/sqlc-gen/schema.sql.go:169.2,169.35 1 0
github.com/remiges-tech/crux/db/sqlc-gen/schema.sql.go:169.35,171.3 1 0
github.com/remiges-tech/crux/db/sqlc-gen/schema.sql.go:172.2,172.19 1 0
github.com/remiges-tech/crux/db/sqlc-gen/schema.sql.go:196.98,198.16 2 0
github.com/remiges-tech/crux/db/sqlc-gen/schema.sql.go:198.16,200.3 1 0
github.com/remiges-tech/crux/db/sqlc-gen/schema.sql.go:201.2,203.18 3 0
github.com/remiges-tech/crux/db/sqlc-gen/schema.sql.go:203.18,215.17 2 0
github.com/remiges-tech/crux/db/sqlc-gen/schema.sql.go:215.17,217.4 1 0
github.com/remiges-tech/crux/db/sqlc-gen/schema.sql.go:218.3,218.27 1 0
github.com/remiges-tech/crux/db/sqlc-gen/schema.sql.go:220.2,220.35 1 0
github.com/remiges-tech/crux/db/sqlc-gen/schema.sql.go:220.35,222.3 1 0
github.com/remiges-tech/crux/db/sqlc-gen/schema.sql.go:223.2,223.19 1 0
github.com/remiges-tech/crux/db/sqlc-gen/schema.sql.go:252.137,254.16 2 0
github.com/remiges-tech/crux/db/sqlc-gen/schema.sql.go:254.16,256.3 1 0
github.com/remiges-tech/crux/db/sqlc-gen/schema.sql.go:257.2,259.18 3 0
github.com/remiges-tech/crux/db/sqlc-gen/schema.sql.go:259.18,270.17 2 0
github.com/remiges-tech/crux/db/sqlc-gen/schema.sql.go:270.17,272.4 1 0
github.com/remiges-tech/crux/db/sqlc-gen/schema.sql.go:273.3,273.27 1 0
github.com/remiges-tech/crux/db/sqlc-gen/schema.sql.go:275.2,275.35 1 0
github.com/remiges-tech/crux/db/sqlc-gen/schema.sql.go:275.35,277.3 1 0
github.com/remiges-tech/crux/db/sqlc-gen/schema.sql.go:278.2,278.19 1 0
github.com/remiges-tech/crux/db/sqlc-gen/schema.sql.go:307.137,309.16 2 0
github.com/remiges-tech/crux/db/sqlc-gen/schema.sql.go:309.16,311.3 1 0
github.com/remiges-tech/crux/db/sqlc-gen/schema.sql.go:312.2,314.18 3 0
github.com/remiges-tech/crux/db/sqlc-gen/schema.sql.go:314.18,325.17 2 0
github.com/remiges-tech/crux/db/sqlc-gen/schema.sql.go:325.17,327.4 1 0
github.com/remiges-tech/crux/db/sqlc-gen/schema.sql.go:328.3,328.27 1 0
github.com/remiges-tech/crux/db/sqlc-gen/schema.sql.go:330.2,330.35 1 0
github.com/remiges-tech/crux/db/sqlc-gen/schema.sql.go:330.35,332.3 1 0
github.com/remiges-tech/crux/db/sqlc-gen/schema.sql.go:333.2,333.19 1 0
github.com/remiges-tech/crux/db/sqlc-gen/schema.sql.go:356.104,358.16 2 0
github.com/remiges-tech/crux/db/sqlc-gen/schema.sql.go:358.16,360.3 1 0
github.com/remiges-tech/crux/db/sqlc-gen/schema.sql.go:361.2,363.18 3 0
github.com/remiges-tech/crux/db/sqlc-gen/schema.sql.go:363.18,374.17 2 0
github.com/remiges-tech/crux/db/sqlc-gen/schema.sql.go:374.17,376.4 1 0
github.com/remiges-tech/crux/db/sqlc-gen/schema.sql.go:377.3,377.27 1 0
github.com/remiges-tech/crux/db/sqlc-gen/schema.sql.go:379.2,379.35 1 0
github.com/remiges-tech/crux/db/sqlc-gen/schema.sql.go:379.35,381.3 1 0
github.com/remiges-tech/crux/db/sqlc-gen/schema.sql.go:382.2,382.19 1 0
github.com/remiges-tech/crux/db/sqlc-gen/schema.sql.go:411.143,413.16 2 0
github.com/remiges-tech/crux/db/sqlc-gen/schema.sql.go:413.16,415.3 1 0
github.com/remiges-tech/crux/db/sqlc-gen/schema.sql.go:416.2,418.18 3 0
github.com/remiges-tech/crux/db/sqlc-gen/schema.sql.go:418.18,429.17 2 0
github.com/remiges-tech/crux/db/sqlc-gen/schema.sql.go:429.17,431.4 1 0
github.com/remiges-tech/crux/db/sqlc-gen/schema.sql.go:432.3,432.27 1 0
github.com/remiges-tech/crux/db/sqlc-gen/schema.sql.go:434.2,434.35 1 0
github.com/remiges-tech/crux/db/sqlc-gen/schema.sql.go:434.35,436.3 1 0
github.com/remiges-tech/crux/db/sqlc-gen/schema.sql.go:437.2,437.19 1 0
github.com/remiges-tech/crux/db/sqlc-gen/schema.sql.go:460.103,462.16 2 0
github.com/remiges-tech/crux/db/sqlc-gen/schema.sql.go:462.16,464.3 1 0
github.com/remiges-tech/crux/db/sqlc-gen/schema.sql.go:465.2,467.18 3 0
github.com/remiges-tech/crux/db/sqlc-gen/schema.sql.go:467.18,478.17 2 0
github.com/remiges-tech/crux/db/sqlc-gen/schema.sql.go:478.17,480.4 1 0
github.com/remiges-tech/crux/db/sqlc-gen/schema.sql.go:481.3,481.27 1 0
github.com/remiges-tech/crux/db/sqlc-gen/schema.sql.go:483.2,483.35 1 0
github.com/remiges-tech/crux/db/sqlc-gen/schema.sql.go:483.35,485.3 1 0
github.com/remiges-tech/crux/db/sqlc-gen/schema.sql.go:486.2,486.19 1 0
github.com/remiges-tech/crux/db/sqlc-gen/schema.sql.go:510.77,522.2 2 0
github.com/remiges-tech/crux/db/sqlc-gen/schema.sql.go:548.83,559.2 2 0
github.com/remiges-tech/crux/db/sqlc-gen/schema.sql.go:578.105,588.2 4 1
github.com/remiges-tech/crux/db/sqlc-gen/schema.sql.go:605.91,623.2 4 0
github.com/remiges-tech/crux/db/sqlc-gen/schema.sql.go:647.87,650.2 2 0
github.com/remiges-tech/crux/db/sqlc-gen/schema.sql.go:683.99,699.2 4 0
github.com/remiges-tech/crux/db/sqlc-gen/stepworkflow.sql.go:21.91,23.16 2 1
github.com/remiges-tech/crux/db/sqlc-gen/stepworkflow.sql.go:23.16,25.3 1 0
github.com/remiges-tech/crux/db/sqlc-gen/stepworkflow.sql.go:26.2,28.18 3 1
github.com/remiges-tech/crux/db/sqlc-gen/stepworkflow.sql.go:28.18,30.57 2 1
github.com/remiges-tech/crux/db/sqlc-gen/stepworkflow.sql.go:30.57,32.4 1 0
github.com/remiges-tech/crux/db/sqlc-gen/stepworkflow.sql.go:33.3,33.27 1 1
github.com/remiges-tech/crux/db/sqlc-gen/stepworkflow.sql.go:35.2,35.35 1 1
github.com/remiges-tech/crux/db/sqlc-gen/stepworkflow.sql.go:35.35,37.3 1 0
github.com/remiges-tech/crux/db/sqlc-gen/stepworkflow.sql.go:38.2,38.19 1 1
github.com/remiges-tech/crux/db/sqlc-gen/wfinstance.sql.go:45.119,56.16 2 1
github.com/remiges-tech/crux/db/sqlc-gen/wfinstance.sql.go:56.16,58.3 1 0
github.com/remiges-tech/crux/db/sqlc-gen/wfinstance.sql.go:59.2,61.18 3 1
github.com/remiges-tech/crux/db/sqlc-gen/wfinstance.sql.go:61.18,63.64 2 1
github.com/remiges-tech/crux/db/sqlc-gen/wfinstance.sql.go:63.64,65.4 1 0
github.com/remiges-tech/crux/db/sqlc-gen/wfinstance.sql.go:66.3,66.27 1 1
github.com/remiges-tech/crux/db/sqlc-gen/wfinstance.sql.go:68.2,68.35 1 1
github.com/remiges-tech/crux/db/sqlc-gen/wfinstance.sql.go:68.35,70.3 1 0
github.com/remiges-tech/crux/db/sqlc-gen/wfinstance.sql.go:71.2,71.19 1 1
github.com/remiges-tech/crux/db/sqlc-gen/wfinstance.sql.go:91.94,101.2 4 1
github.com/remiges-tech/crux/server/wfinstance/do_match.go:77.122,112.2 2 1
github.com/remiges-tech/crux/server/wfinstance/do_match.go:114.93,118.2 1 0
github.com/remiges-tech/crux/server/wfinstance/wfinstance.go:35.59,50.16 13 1
github.com/remiges-tech/crux/server/wfinstance/wfinstance.go:50.16,53.3 2 0
github.com/remiges-tech/crux/server/wfinstance/wfinstance.go:55.2,55.101 1 1
github.com/remiges-tech/crux/server/wfinstance/wfinstance.go:55.101,55.122 1 0
github.com/remiges-tech/crux/server/wfinstance/wfinstance.go:56.2,56.31 1 1
github.com/remiges-tech/crux/server/wfinstance/wfinstance.go:56.31,60.3 3 0
github.com/remiges-tech/crux/server/wfinstance/wfinstance.go:62.2,64.36 3 1
github.com/remiges-tech/crux/server/wfinstance/wfinstance.go:64.36,68.3 2 0
github.com/remiges-tech/crux/server/wfinstance/wfinstance.go:68.8,72.3 2 1
github.com/remiges-tech/crux/server/wfinstance/wfinstance.go:75.2,76.16 2 1
github.com/remiges-tech/crux/server/wfinstance/wfinstance.go:76.16,80.3 3 0
github.com/remiges-tech/crux/server/wfinstance/wfinstance.go:83.2,84.18 2 1
github.com/remiges-tech/crux/server/wfinstance/wfinstance.go:84.18,88.3 3 0
github.com/remiges-tech/crux/server/wfinstance/wfinstance.go:89.2,89.29 1 1
github.com/remiges-tech/crux/server/wfinstance/wfinstance.go:89.29,91.3 1 0
github.com/remiges-tech/crux/server/wfinstance/wfinstance.go:91.8,93.3 1 1
github.com/remiges-tech/crux/server/wfinstance/wfinstance.go:95.2,95.18 1 1
github.com/remiges-tech/crux/server/wfinstance/wfinstance.go:95.18,100.3 4 0
github.com/remiges-tech/crux/server/wfinstance/wfinstance.go:103.2,105.45 2 1
github.com/remiges-tech/crux/server/wfinstance/wfinstance.go:105.45,112.17 3 1
github.com/remiges-tech/crux/server/wfinstance/wfinstance.go:112.17,116.4 3 0
github.com/remiges-tech/crux/server/wfinstance/wfinstance.go:117.3,118.73 2 1
github.com/remiges-tech/crux/server/wfinstance/wfinstance.go:122.2,122.44 1 1
github.com/remiges-tech/crux/server/wfinstance/wfinstance.go:122.44,129.17 3 1
github.com/remiges-tech/crux/server/wfinstance/wfinstance.go:129.17,133.4 3 0
github.com/remiges-tech/crux/server/wfinstance/wfinstance.go:134.3,135.73 2 1
github.com/remiges-tech/crux/server/wfinstance/wfinstance.go:141.67,144.36 3 1
github.com/remiges-tech/crux/server/wfinstance/wfinstance.go:144.36,145.19 1 1
github.com/remiges-tech/crux/server/wfinstance/wfinstance.go:145.19,147.4 1 0
github.com/remiges-tech/crux/server/wfinstance/wfinstance.go:147.9,147.30 1 1
github.com/remiges-tech/crux/server/wfinstance/wfinstance.go:147.30,149.4 1 1
github.com/remiges-tech/crux/server/wfinstance/wfinstance.go:149.9,151.4 1 0
github.com/remiges-tech/crux/server/wfinstance/wfinstance.go:154.2,154.23 1 1
github.com/remiges-tech/crux/server/wfinstance/wfinstancenew_add.go:30.102,39.9 7 1
github.com/remiges-tech/crux/server/wfinstance/wfinstancenew_add.go:39.9,44.3 3 0
github.com/remiges-tech/crux/server/wfinstance/wfinstancenew_add.go:47.2,60.18 3 1
github.com/remiges-tech/crux/server/wfinstance/wfinstancenew_add.go:60.18,63.3 2 0
github.com/remiges-tech/crux/server/wfinstance/wfinstancenew_add.go:66.2,66.33 1 1
github.com/remiges-tech/crux/server/wfinstance/wfinstancenew_add.go:66.33,69.62 2 1
github.com/remiges-tech/crux/server/wfinstance/wfinstancenew_add.go:69.62,71.4 1 1
github.com/remiges-tech/crux/server/wfinstance/wfinstancenew_add.go:76.2,85.22 3 1
github.com/remiges-tech/crux/server/wfinstance/wfinstancenew_add.go:89.47,90.16 1 1
github.com/remiges-tech/crux/server/wfinstance/wfinstancenew_add.go:90.16,95.3 1 1
github.com/remiges-tech/crux/server/wfinstance/wfinstancenew_add.go:96.2,96.48 1 0
github.com/remiges-tech/crux/server/wfinstance/wfinstancenew_add.go:100.59,108.37 6 1
github.com/remiges-tech/crux/server/wfinstance/wfinstancenew_add.go:108.37,115.3 4 1
github.com/remiges-tech/crux/server/wfinstance/wfinstancenew_add.go:117.2,117.20 1 1
github.com/remiges-tech/crux/server/wfinstance/wfinstancenew_add.go:117.20,125.3 1 1
github.com/remiges-tech/crux/server/wfinstance/wfinstancenew_add.go:125.8,132.3 1 1
github.com/remiges-tech/crux/server/wfinstance/wfinstancenew_add.go:133.2,133.17 1 1
github.com/remiges-tech/crux/server/wfinstance/wfinstancenew_validation.go:28.123,35.9 6 1
github.com/remiges-tech/crux/server/wfinstance/wfinstancenew_validation.go:35.9,40.3 4 0
github.com/remiges-tech/crux/server/wfinstance/wfinstancenew_validation.go:42.2,43.36 2 1
github.com/remiges-tech/crux/server/wfinstance/wfinstancenew_validation.go:43.36,47.3 3 0
github.com/remiges-tech/crux/server/wfinstance/wfinstancenew_validation.go:50.2,52.36 2 1
github.com/remiges-tech/crux/server/wfinstance/wfinstancenew_validation.go:52.36,56.3 3 0
github.com/remiges-tech/crux/server/wfinstance/wfinstancenew_validation.go:59.2,66.16 3 1
github.com/remiges-tech/crux/server/wfinstance/wfinstancenew_validation.go:66.16,70.3 3 0
github.com/remiges-tech/crux/server/wfinstance/wfinstancenew_validation.go:73.2,74.16 2 1
github.com/remiges-tech/crux/server/wfinstance/wfinstancenew_validation.go:74.16,77.3 2 0
github.com/remiges-tech/crux/server/wfinstance/wfinstancenew_validation.go:80.2,84.34 3 1
github.com/remiges-tech/crux/server/wfinstance/wfinstancenew_validation.go:84.34,89.3 3 0
github.com/remiges-tech/crux/server/wfinstance/wfinstancenew_validation.go:90.2,90.18 1 1
github.com/remiges-tech/crux/server/wfinstance/wfinstancenew_validation.go:94.115,101.9 6 1
github.com/remiges-tech/crux/server/wfinstance/wfinstancenew_validation.go:101.9,106.3 4 0
github.com/remiges-tech/crux/server/wfinstance/wfinstancenew_validation.go:109.2,117.16 3 1
github.com/remiges-tech/crux/server/wfinstance/wfinstancenew_validation.go:117.16,120.3 2 0
github.com/remiges-tech/crux/server/wfinstance/wfinstancenew_validation.go:123.2,131.16 3 1
github.com/remiges-tech/crux/server/wfinstance/wfinstancenew_validation.go:131.16,134.3 2 0
github.com/remiges-tech/crux/server/wfinstance/wfinstancenew_validation.go:139.2,148.40 3 1
github.com/remiges-tech/crux/server/wfinstance/wfinstancenew_validation.go:148.40,151.3 2 0
github.com/remiges-tech/crux/server/wfinstance/wfinstancenew_validation.go:154.2,163.36 3 1
github.com/remiges-tech/crux/server/wfinstance/wfinstancenew_validation.go:163.36,167.3 2 0
github.com/remiges-tech/crux/server/wfinstance/wfinstancenew_validation.go:170.2,177.45 2 1
github.com/remiges-tech/crux/server/wfinstance/wfinstancenew_validation.go:177.45,180.3 2 0
github.com/remiges-tech/crux/server/wfinstance/wfinstancenew_validation.go:182.2,182.21 1 1
github.com/remiges-tech/crux/server/wfinstance/wfinstancenew_validation.go:182.21,184.3 1 0
github.com/remiges-tech/crux/server/wfinstance/wfinstancenew_validation.go:186.2,186.18 1 1
github.com/remiges-tech/crux/server/wfinstance/wfinstancenew_validation.go:190.90,195.25 3 1
github.com/remiges-tech/crux/server/wfinstance/wfinstancenew_validation.go:195.25,197.3 1 0
github.com/remiges-tech/crux/server/wfinstance/wfinstancenew_validation.go:199.2,199.33 1 1
github.com/remiges-tech/crux/server/wfinstance/wfinstancenew_validation.go:199.33,201.14 2 1
github.com/remiges-tech/crux/server/wfinstance/wfinstancenew_validation.go:201.14,203.4 1 0
github.com/remiges-tech/crux/server/wfinstance/wfinstancenew_validation.go:204.3,205.17 2 1
github.com/remiges-tech/crux/server/wfinstance/wfinstancenew_validation.go:205.17,207.4 1 0
github.com/remiges-tech/crux/server/wfinstance/wfinstancenew_validation.go:210.2,210.18 1 1
github.com/remiges-tech/crux/server/wfinstance/wfinstancenew_validation.go:214.58,215.29 1 1
github.com/remiges-tech/crux/server/wfinstance/wfinstancenew_validation.go:215.29,216.22 1 1
github.com/remiges-tech/crux/server/wfinstance/wfinstancenew_validation.go:216.22,218.4 1 1
github.com/remiges-tech/crux/server/wfinstance/wfinstancenew_validation.go:220.2,220.11 1 0
github.com/remiges-tech/crux/server/wfinstance/wfinstancenew_validation.go:224.78,227.17 3 1
github.com/remiges-tech/crux/server/wfinstance/wfinstancenew_validation.go:228.16,229.60 1 0
github.com/remiges-tech/crux/server/wfinstance/wfinstancenew_validation.go:230.15,231.55 1 1
github.com/remiges-tech/crux/server/wfinstance/wfinstancenew_validation.go:232.17,233.65 1 1
github.com/remiges-tech/crux/server/wfinstance/wfinstancenew_validation.go:234.25,235.36 1 1
github.com/remiges-tech/crux/server/wfinstance/wfinstancenew_validation.go:236.14,237.65 1 0
github.com/remiges-tech/crux/server/wfinstance/wfinstancenew_validation.go:240.2,240.16 1 1
github.com/remiges-tech/crux/server/wfinstance/wfinstancenew_validation.go:240.16,242.3 1 0
github.com/remiges-tech/crux/server/wfinstance/wfinstancenew_validation.go:243.2,243.31 1 1
github.com/remiges-tech/crux/server/wfinstance/wfinstancenew_validation.go:247.73,250.16 3 1
github.com/remiges-tech/crux/server/wfinstance/wfinstancenew_validation.go:250.16,252.3 1 0
github.com/remiges-tech/crux/server/wfinstance/wfinstancenew_validation.go:253.2,253.22 1 1
github.com/remiges-tech/crux/server/wfinstance/wfinstancenew_validation.go:257.45,264.31 3 1
github.com/remiges-tech/crux/server/wfinstance/wfinstancenew_validation.go:264.31,265.19 1 1
github.com/remiges-tech/crux/server/wfinstance/wfinstancenew_validation.go:265.19,269.4 2 1
github.com/remiges-tech/crux/server/wfinstance/wfinstancenew_validation.go:272.2,272.21 1 1
github.com/remiges-tech/crux/testutils/test_utils.go:13.35,15.16 2 0
github.com/remiges-tech/crux/testutils/test_utils.go:15.16,17.3 1 0
github.com/remiges-tech/crux/testutils/test_utils.go:18.2,18.17 1 0
github.com/remiges-tech/crux/testutils/test_utils.go:21.56,24.16 2 0
github.com/remiges-tech/crux/testutils/test_utils.go:24.16,26.3 1 0
github.com/remiges-tech/crux/testutils/test_utils.go:27.2,29.16 3 0
github.com/remiges-tech/crux/testutils/test_utils.go:29.16,31.3 1 0
github.com/remiges-tech/crux/testutils/test_utils.go:32.2,32.22 1 0
github.com/remiges-tech/crux/types/types.go:73.39,74.13 1 0
github.com/remiges-tech/crux/types/types.go:75.31,76.14 1 0
github.com/remiges-tech/crux/types/types.go:78.2,78.14 1 0
github.com/remiges-tech/crux/types/types.go:84.58,86.19 2 0
github.com/remiges-tech/crux/types/types.go:87.18,88.38 1 0
github.com/remiges-tech/crux/types/types.go:89.15,90.52 1 0
github.com/remiges-tech/crux/types/types.go:91.12,92.51 1 0
github.com/remiges-tech/crux/types/types.go:93.10,94.41 1 0
github.com/remiges-tech/crux/types/types.go:96.2,96.13 1 0
github.com/remiges-tech/crux/types/types.go:99.35,101.16 2 1
github.com/remiges-tech/crux/types/types.go:101.16,103.3 1 0
github.com/remiges-tech/crux/types/types.go:104.2,104.17 1 1
github.com/remiges-tech/crux/types/types.go:107.56,110.16 2 1
github.com/remiges-tech/crux/types/types.go:110.16,112.3 1 0
github.com/remiges-tech/crux/types/types.go:113.2,115.16 3 1
github.com/remiges-tech/crux/types/types.go:115.16,117.3 1 0
github.com/remiges-tech/crux/types/types.go:118.2,118.22 1 1
github.com/remiges-tech/crux/types/types.go:122.36,124.2 1 0
github.com/remiges-tech/crux/types/types.go:127.40,130.2 2 0
github.com/remiges-tech/crux/types/types.go:133.45,135.2 1 0
