mode: set
github.com/remiges-tech/crux/db/pg.go:9.60,12.16 3 1
github.com/remiges-tech/crux/db/pg.go:12.16,14.3 1 0
github.com/remiges-tech/crux/db/pg.go:15.2,16.16 2 1
github.com/remiges-tech/crux/db/pg.go:16.16,18.3 1 0
github.com/remiges-tech/crux/db/pg.go:19.2,19.22 1 1
github.com/remiges-tech/crux/db/sqlc-gen/db.go:20.28,22.2 1 1
github.com/remiges-tech/crux/db/sqlc-gen/db.go:28.46,32.2 1 1
github.com/remiges-tech/crux/db/sqlc-gen/models.go:21.48,22.25 1 1
github.com/remiges-tech/crux/db/sqlc-gen/models.go:23.14,24.19 1 0
github.com/remiges-tech/crux/db/sqlc-gen/models.go:25.14,26.19 1 1
github.com/remiges-tech/crux/db/sqlc-gen/models.go:27.10,28.67 1 0
github.com/remiges-tech/crux/db/sqlc-gen/models.go:30.2,30.12 1 1
github.com/remiges-tech/crux/db/sqlc-gen/models.go:39.55,40.18 1 0
github.com/remiges-tech/crux/db/sqlc-gen/models.go:40.18,43.3 2 0
github.com/remiges-tech/crux/db/sqlc-gen/models.go:44.2,45.32 2 0
github.com/remiges-tech/crux/db/sqlc-gen/models.go:49.54,50.15 1 0
github.com/remiges-tech/crux/db/sqlc-gen/models.go:50.15,52.3 1 0
github.com/remiges-tech/crux/db/sqlc-gen/models.go:53.2,53.33 1 0
github.com/remiges-tech/crux/db/sqlc-gen/ruleset.sql.go:30.81,35.2 4 0
github.com/remiges-tech/crux/db/sqlc-gen/ruleset.sql.go:53.85,58.2 4 0
github.com/remiges-tech/crux/db/sqlc-gen/ruleset.sql.go:78.108,88.2 4 0
github.com/remiges-tech/crux/db/sqlc-gen/ruleset.sql.go:108.105,118.2 4 0
github.com/remiges-tech/crux/db/sqlc-gen/ruleset.sql.go:145.90,161.2 4 0
github.com/remiges-tech/crux/db/sqlc-gen/ruleset.sql.go:207.99,230.2 4 0
github.com/remiges-tech/crux/db/sqlc-gen/schema.sql.go:21.78,25.2 3 0
github.com/remiges-tech/crux/db/sqlc-gen/schema.sql.go:64.95,66.16 2 1
github.com/remiges-tech/crux/db/sqlc-gen/schema.sql.go:66.16,68.3 1 0
github.com/remiges-tech/crux/db/sqlc-gen/schema.sql.go:69.2,71.18 3 1
github.com/remiges-tech/crux/db/sqlc-gen/schema.sql.go:71.18,82.17 2 1
github.com/remiges-tech/crux/db/sqlc-gen/schema.sql.go:82.17,84.4 1 0
github.com/remiges-tech/crux/db/sqlc-gen/schema.sql.go:85.3,85.27 1 1
github.com/remiges-tech/crux/db/sqlc-gen/schema.sql.go:87.2,87.35 1 1
github.com/remiges-tech/crux/db/sqlc-gen/schema.sql.go:87.35,89.3 1 0
github.com/remiges-tech/crux/db/sqlc-gen/schema.sql.go:90.2,90.19 1 1
github.com/remiges-tech/crux/db/sqlc-gen/schema.sql.go:122.76,124.16 2 1
github.com/remiges-tech/crux/db/sqlc-gen/schema.sql.go:124.16,126.3 1 0
github.com/remiges-tech/crux/db/sqlc-gen/schema.sql.go:127.2,129.18 3 1
github.com/remiges-tech/crux/db/sqlc-gen/schema.sql.go:129.18,141.17 2 1
github.com/remiges-tech/crux/db/sqlc-gen/schema.sql.go:141.17,143.4 1 0
github.com/remiges-tech/crux/db/sqlc-gen/schema.sql.go:144.3,144.27 1 1
github.com/remiges-tech/crux/db/sqlc-gen/schema.sql.go:146.2,146.35 1 1
github.com/remiges-tech/crux/db/sqlc-gen/schema.sql.go:146.35,148.3 1 0
github.com/remiges-tech/crux/db/sqlc-gen/schema.sql.go:149.2,149.19 1 1
github.com/remiges-tech/crux/db/sqlc-gen/schema.sql.go:183.98,185.16 2 1
github.com/remiges-tech/crux/db/sqlc-gen/schema.sql.go:185.16,187.3 1 0
github.com/remiges-tech/crux/db/sqlc-gen/schema.sql.go:188.2,190.18 3 1
github.com/remiges-tech/crux/db/sqlc-gen/schema.sql.go:190.18,202.17 2 1
github.com/remiges-tech/crux/db/sqlc-gen/schema.sql.go:202.17,204.4 1 0
github.com/remiges-tech/crux/db/sqlc-gen/schema.sql.go:205.3,205.27 1 1
github.com/remiges-tech/crux/db/sqlc-gen/schema.sql.go:207.2,207.35 1 1
github.com/remiges-tech/crux/db/sqlc-gen/schema.sql.go:207.35,209.3 1 0
github.com/remiges-tech/crux/db/sqlc-gen/schema.sql.go:210.2,210.19 1 1
github.com/remiges-tech/crux/db/sqlc-gen/schema.sql.go:248.137,250.16 2 1
github.com/remiges-tech/crux/db/sqlc-gen/schema.sql.go:250.16,252.3 1 0
github.com/remiges-tech/crux/db/sqlc-gen/schema.sql.go:253.2,255.18 3 1
github.com/remiges-tech/crux/db/sqlc-gen/schema.sql.go:255.18,266.17 2 1
github.com/remiges-tech/crux/db/sqlc-gen/schema.sql.go:266.17,268.4 1 0
github.com/remiges-tech/crux/db/sqlc-gen/schema.sql.go:269.3,269.27 1 1
github.com/remiges-tech/crux/db/sqlc-gen/schema.sql.go:271.2,271.35 1 1
github.com/remiges-tech/crux/db/sqlc-gen/schema.sql.go:271.35,273.3 1 0
github.com/remiges-tech/crux/db/sqlc-gen/schema.sql.go:274.2,274.19 1 1
github.com/remiges-tech/crux/db/sqlc-gen/schema.sql.go:312.137,314.16 2 1
github.com/remiges-tech/crux/db/sqlc-gen/schema.sql.go:314.16,316.3 1 0
github.com/remiges-tech/crux/db/sqlc-gen/schema.sql.go:317.2,319.18 3 1
github.com/remiges-tech/crux/db/sqlc-gen/schema.sql.go:319.18,330.17 2 1
github.com/remiges-tech/crux/db/sqlc-gen/schema.sql.go:330.17,332.4 1 0
github.com/remiges-tech/crux/db/sqlc-gen/schema.sql.go:333.3,333.27 1 1
github.com/remiges-tech/crux/db/sqlc-gen/schema.sql.go:335.2,335.35 1 1
github.com/remiges-tech/crux/db/sqlc-gen/schema.sql.go:335.35,337.3 1 0
github.com/remiges-tech/crux/db/sqlc-gen/schema.sql.go:338.2,338.19 1 1
github.com/remiges-tech/crux/db/sqlc-gen/schema.sql.go:370.104,372.16 2 1
github.com/remiges-tech/crux/db/sqlc-gen/schema.sql.go:372.16,374.3 1 0
github.com/remiges-tech/crux/db/sqlc-gen/schema.sql.go:375.2,377.18 3 1
github.com/remiges-tech/crux/db/sqlc-gen/schema.sql.go:377.18,388.17 2 1
github.com/remiges-tech/crux/db/sqlc-gen/schema.sql.go:388.17,390.4 1 0
github.com/remiges-tech/crux/db/sqlc-gen/schema.sql.go:391.3,391.27 1 1
github.com/remiges-tech/crux/db/sqlc-gen/schema.sql.go:393.2,393.35 1 1
github.com/remiges-tech/crux/db/sqlc-gen/schema.sql.go:393.35,395.3 1 0
github.com/remiges-tech/crux/db/sqlc-gen/schema.sql.go:396.2,396.19 1 1
github.com/remiges-tech/crux/db/sqlc-gen/schema.sql.go:434.143,436.16 2 1
github.com/remiges-tech/crux/db/sqlc-gen/schema.sql.go:436.16,438.3 1 0
github.com/remiges-tech/crux/db/sqlc-gen/schema.sql.go:439.2,441.18 3 1
github.com/remiges-tech/crux/db/sqlc-gen/schema.sql.go:441.18,452.17 2 1
github.com/remiges-tech/crux/db/sqlc-gen/schema.sql.go:452.17,454.4 1 0
github.com/remiges-tech/crux/db/sqlc-gen/schema.sql.go:455.3,455.27 1 1
github.com/remiges-tech/crux/db/sqlc-gen/schema.sql.go:457.2,457.35 1 1
github.com/remiges-tech/crux/db/sqlc-gen/schema.sql.go:457.35,459.3 1 0
github.com/remiges-tech/crux/db/sqlc-gen/schema.sql.go:460.2,460.19 1 1
github.com/remiges-tech/crux/db/sqlc-gen/schema.sql.go:492.103,494.16 2 1
github.com/remiges-tech/crux/db/sqlc-gen/schema.sql.go:494.16,496.3 1 0
github.com/remiges-tech/crux/db/sqlc-gen/schema.sql.go:497.2,499.18 3 1
github.com/remiges-tech/crux/db/sqlc-gen/schema.sql.go:499.18,510.17 2 1
github.com/remiges-tech/crux/db/sqlc-gen/schema.sql.go:510.17,512.4 1 0
github.com/remiges-tech/crux/db/sqlc-gen/schema.sql.go:513.3,513.27 1 1
github.com/remiges-tech/crux/db/sqlc-gen/schema.sql.go:515.2,515.35 1 1
github.com/remiges-tech/crux/db/sqlc-gen/schema.sql.go:515.35,517.3 1 0
github.com/remiges-tech/crux/db/sqlc-gen/schema.sql.go:518.2,518.19 1 1
github.com/remiges-tech/crux/db/sqlc-gen/schema.sql.go:544.86,558.2 4 1
github.com/remiges-tech/crux/db/sqlc-gen/schema.sql.go:586.92,599.2 4 1
github.com/remiges-tech/crux/db/sqlc-gen/schema.sql.go:630.126,641.2 4 1
github.com/remiges-tech/crux/db/sqlc-gen/schema.sql.go:660.105,665.2 4 0
github.com/remiges-tech/crux/db/sqlc-gen/schema.sql.go:694.87,697.2 2 1
github.com/remiges-tech/crux/db/sqlc-gen/schema.sql.go:730.99,746.2 4 1
github.com/remiges-tech/crux/db/sqlc-gen/wfinstance.sql.go:30.98,43.2 4 0
github.com/remiges-tech/crux/db/sqlc-gen/wfinstance.sql.go:62.101,69.16 2 0
github.com/remiges-tech/crux/db/sqlc-gen/wfinstance.sql.go:69.16,71.3 1 0
github.com/remiges-tech/crux/db/sqlc-gen/wfinstance.sql.go:72.2,74.18 3 0
github.com/remiges-tech/crux/db/sqlc-gen/wfinstance.sql.go:74.18,88.17 2 0
github.com/remiges-tech/crux/db/sqlc-gen/wfinstance.sql.go:88.17,90.4 1 0
github.com/remiges-tech/crux/db/sqlc-gen/wfinstance.sql.go:91.3,91.27 1 0
github.com/remiges-tech/crux/db/sqlc-gen/wfinstance.sql.go:93.2,93.35 1 0
github.com/remiges-tech/crux/db/sqlc-gen/wfinstance.sql.go:93.35,95.3 1 0
github.com/remiges-tech/crux/db/sqlc-gen/wfinstance.sql.go:96.2,96.19 1 0
github.com/remiges-tech/crux/server/schema/schema_delete.go:15.55,22.16 5 1
github.com/remiges-tech/crux/server/schema/schema_delete.go:22.16,25.3 2 0
github.com/remiges-tech/crux/server/schema/schema_delete.go:27.2,27.84 1 1
github.com/remiges-tech/crux/server/schema/schema_delete.go:27.84,27.105 1 1
github.com/remiges-tech/crux/server/schema/schema_delete.go:28.2,28.23 1 1
github.com/remiges-tech/crux/server/schema/schema_delete.go:28.23,32.3 3 1
github.com/remiges-tech/crux/server/schema/schema_delete.go:33.2,34.9 2 1
github.com/remiges-tech/crux/server/schema/schema_delete.go:34.9,38.3 3 0
github.com/remiges-tech/crux/server/schema/schema_delete.go:39.2,44.16 2 1
github.com/remiges-tech/crux/server/schema/schema_delete.go:44.16,48.3 3 0
github.com/remiges-tech/crux/server/schema/schema_delete.go:51.2,52.67 2 1
github.com/remiges-tech/crux/server/schema/schema_get.go:21.52,28.16 5 1
github.com/remiges-tech/crux/server/schema/schema_get.go:28.16,31.3 2 0
github.com/remiges-tech/crux/server/schema/schema_get.go:34.2,34.84 1 1
github.com/remiges-tech/crux/server/schema/schema_get.go:34.84,34.105 1 1
github.com/remiges-tech/crux/server/schema/schema_get.go:35.2,35.23 1 1
github.com/remiges-tech/crux/server/schema/schema_get.go:35.23,39.3 3 1
github.com/remiges-tech/crux/server/schema/schema_get.go:40.2,41.9 2 1
github.com/remiges-tech/crux/server/schema/schema_get.go:41.9,45.3 3 0
github.com/remiges-tech/crux/server/schema/schema_get.go:46.2,51.16 2 1
github.com/remiges-tech/crux/server/schema/schema_get.go:51.16,55.3 3 0
github.com/remiges-tech/crux/server/schema/schema_get.go:57.2,58.74 2 1
github.com/remiges-tech/crux/server/schema/schema_list.go:12.53,35.16 5 1
github.com/remiges-tech/crux/server/schema/schema_list.go:35.16,38.3 2 1
github.com/remiges-tech/crux/server/schema/schema_list.go:41.2,41.87 1 1
github.com/remiges-tech/crux/server/schema/schema_list.go:41.87,41.108 1 1
github.com/remiges-tech/crux/server/schema/schema_list.go:42.2,42.31 1 1
github.com/remiges-tech/crux/server/schema/schema_list.go:42.31,45.3 2 1
github.com/remiges-tech/crux/server/schema/schema_list.go:46.2,47.9 2 1
github.com/remiges-tech/crux/server/schema/schema_list.go:47.9,51.3 3 0
github.com/remiges-tech/crux/server/schema/schema_list.go:53.2,53.14 1 1
github.com/remiges-tech/crux/server/schema/schema_list.go:54.59,56.41 2 1
github.com/remiges-tech/crux/server/schema/schema_list.go:56.41,60.4 3 0
github.com/remiges-tech/crux/server/schema/schema_list.go:61.3,61.119 1 1
github.com/remiges-tech/crux/server/schema/schema_list.go:62.59,64.41 2 1
github.com/remiges-tech/crux/server/schema/schema_list.go:64.41,68.4 3 0
github.com/remiges-tech/crux/server/schema/schema_list.go:69.3,69.119 1 1
github.com/remiges-tech/crux/server/schema/schema_list.go:70.59,72.41 2 1
github.com/remiges-tech/crux/server/schema/schema_list.go:72.41,76.4 3 0
github.com/remiges-tech/crux/server/schema/schema_list.go:77.3,77.119 1 1
github.com/remiges-tech/crux/server/schema/schema_list.go:78.59,80.41 2 1
github.com/remiges-tech/crux/server/schema/schema_list.go:80.41,84.4 3 0
github.com/remiges-tech/crux/server/schema/schema_list.go:85.3,85.119 1 1
github.com/remiges-tech/crux/server/schema/schema_list.go:86.59,88.41 2 1
github.com/remiges-tech/crux/server/schema/schema_list.go:88.41,92.4 3 0
github.com/remiges-tech/crux/server/schema/schema_list.go:93.3,93.119 1 1
github.com/remiges-tech/crux/server/schema/schema_list.go:94.59,96.41 2 1
github.com/remiges-tech/crux/server/schema/schema_list.go:96.41,100.4 3 0
github.com/remiges-tech/crux/server/schema/schema_list.go:101.3,101.119 1 1
github.com/remiges-tech/crux/server/schema/schema_list.go:102.59,104.17 2 1
github.com/remiges-tech/crux/server/schema/schema_list.go:104.17,108.4 3 0
github.com/remiges-tech/crux/server/schema/schema_list.go:109.3,109.115 1 1
github.com/remiges-tech/crux/server/schema/schema_list.go:111.10,113.41 2 1
github.com/remiges-tech/crux/server/schema/schema_list.go:113.41,116.4 2 0
github.com/remiges-tech/crux/server/schema/schema_list.go:117.3,117.119 1 1
github.com/remiges-tech/crux/server/schema/schema_new.go:21.52,28.16 5 1
github.com/remiges-tech/crux/server/schema/schema_new.go:28.16,31.3 2 1
github.com/remiges-tech/crux/server/schema/schema_new.go:34.2,34.87 1 1
github.com/remiges-tech/crux/server/schema/schema_new.go:34.87,34.108 1 1
github.com/remiges-tech/crux/server/schema/schema_new.go:35.2,37.31 3 1
github.com/remiges-tech/crux/server/schema/schema_new.go:37.31,40.3 2 1
github.com/remiges-tech/crux/server/schema/schema_new.go:42.2,43.9 2 1
github.com/remiges-tech/crux/server/schema/schema_new.go:43.9,47.3 3 0
github.com/remiges-tech/crux/server/schema/schema_new.go:48.2,49.16 2 1
github.com/remiges-tech/crux/server/schema/schema_new.go:49.16,54.3 4 0
github.com/remiges-tech/crux/server/schema/schema_new.go:56.2,57.16 2 1
github.com/remiges-tech/crux/server/schema/schema_new.go:57.16,62.3 4 0
github.com/remiges-tech/crux/server/schema/schema_new.go:63.2,64.16 2 1
github.com/remiges-tech/crux/server/schema/schema_new.go:64.16,68.3 3 0
github.com/remiges-tech/crux/server/schema/schema_new.go:69.2,70.44 2 1
github.com/remiges-tech/crux/server/schema/schema_new.go:73.64,81.2 6 1
github.com/remiges-tech/crux/server/schema/schema_new.go:83.74,87.37 3 1
github.com/remiges-tech/crux/server/schema/schema_new.go:87.37,89.39 2 1
github.com/remiges-tech/crux/server/schema/schema_new.go:89.39,93.4 3 1
github.com/remiges-tech/crux/server/schema/schema_new.go:94.3,94.38 1 1
github.com/remiges-tech/crux/server/schema/schema_new.go:94.38,98.4 3 1
github.com/remiges-tech/crux/server/schema/schema_new.go:99.3,99.64 1 1
github.com/remiges-tech/crux/server/schema/schema_new.go:99.64,103.4 3 1
github.com/remiges-tech/crux/server/schema/schema_new.go:105.2,105.25 1 1
github.com/remiges-tech/crux/server/schema/schema_new.go:108.72,111.32 3 1
github.com/remiges-tech/crux/server/schema/schema_new.go:111.32,112.28 1 1
github.com/remiges-tech/crux/server/schema/schema_new.go:112.28,116.4 3 1
github.com/remiges-tech/crux/server/schema/schema_new.go:118.2,118.41 1 1
github.com/remiges-tech/crux/server/schema/schema_new.go:118.41,119.32 1 1
github.com/remiges-tech/crux/server/schema/schema_new.go:119.32,123.4 3 1
github.com/remiges-tech/crux/server/schema/schema_new.go:125.2,125.25 1 1
github.com/remiges-tech/crux/server/schema/schema_update.go:30.55,37.16 5 1
github.com/remiges-tech/crux/server/schema/schema_update.go:37.16,40.3 2 1
github.com/remiges-tech/crux/server/schema/schema_update.go:43.2,43.87 1 1
github.com/remiges-tech/crux/server/schema/schema_update.go:43.87,43.108 1 1
github.com/remiges-tech/crux/server/schema/schema_update.go:44.2,46.31 3 1
github.com/remiges-tech/crux/server/schema/schema_update.go:46.31,49.3 2 1
github.com/remiges-tech/crux/server/schema/schema_update.go:51.2,52.9 2 1
github.com/remiges-tech/crux/server/schema/schema_update.go:52.9,56.3 3 0
github.com/remiges-tech/crux/server/schema/schema_update.go:58.2,59.9 2 1
github.com/remiges-tech/crux/server/schema/schema_update.go:59.9,63.3 3 0
github.com/remiges-tech/crux/server/schema/schema_update.go:65.2,66.16 2 1
github.com/remiges-tech/crux/server/schema/schema_update.go:66.16,70.3 3 0
github.com/remiges-tech/crux/server/schema/schema_update.go:71.2,72.47 2 1
github.com/remiges-tech/crux/server/schema/schema_update.go:75.134,77.16 2 1
github.com/remiges-tech/crux/server/schema/schema_update.go:77.16,80.3 2 0
github.com/remiges-tech/crux/server/schema/schema_update.go:82.2,83.16 2 1
github.com/remiges-tech/crux/server/schema/schema_update.go:83.16,86.3 2 0
github.com/remiges-tech/crux/server/schema/schema_update.go:88.2,89.16 2 1
github.com/remiges-tech/crux/server/schema/schema_update.go:89.16,91.3 1 0
github.com/remiges-tech/crux/server/schema/schema_update.go:92.2,99.16 4 1
github.com/remiges-tech/crux/server/schema/schema_update.go:99.16,102.3 2 0
github.com/remiges-tech/crux/server/schema/schema_update.go:103.2,103.49 1 1
github.com/remiges-tech/crux/server/schema/schema_update.go:103.49,113.17 2 0
github.com/remiges-tech/crux/server/schema/schema_update.go:113.17,116.4 2 0
github.com/remiges-tech/crux/server/schema/schema_update.go:117.8,117.56 1 1
github.com/remiges-tech/crux/server/schema/schema_update.go:117.56,127.17 2 0
github.com/remiges-tech/crux/server/schema/schema_update.go:127.17,130.4 2 0
github.com/remiges-tech/crux/server/schema/schema_update.go:131.8,141.17 2 1
github.com/remiges-tech/crux/server/schema/schema_update.go:141.17,144.4 2 0
github.com/remiges-tech/crux/server/schema/schema_update.go:148.2,148.37 1 1
github.com/remiges-tech/crux/server/schema/schema_update.go:148.37,150.3 1 0
github.com/remiges-tech/crux/server/schema/schema_update.go:152.2,167.12 2 1
github.com/remiges-tech/crux/server/schema/schema_update.go:170.79,172.55 2 1
github.com/remiges-tech/crux/server/schema/schema_update.go:172.55,175.3 2 0
github.com/remiges-tech/crux/server/schema/schema_update.go:175.8,175.62 1 1
github.com/remiges-tech/crux/server/schema/schema_update.go:175.62,178.3 2 0
github.com/remiges-tech/crux/server/schema/schema_update.go:178.8,178.62 1 1
github.com/remiges-tech/crux/server/schema/schema_update.go:178.62,182.3 3 0
github.com/remiges-tech/crux/server/schema/schema_update.go:182.8,187.3 4 1
github.com/remiges-tech/crux/server/schema/schema_update.go:189.2,189.25 1 1
github.com/remiges-tech/crux/server/schema/schema_update.go:191.75,195.37 3 1
github.com/remiges-tech/crux/server/schema/schema_update.go:195.37,197.39 2 1
github.com/remiges-tech/crux/server/schema/schema_update.go:197.39,201.4 3 1
github.com/remiges-tech/crux/server/schema/schema_update.go:202.3,202.38 1 1
github.com/remiges-tech/crux/server/schema/schema_update.go:202.38,206.4 3 0
github.com/remiges-tech/crux/server/schema/schema_update.go:207.3,207.64 1 1
github.com/remiges-tech/crux/server/schema/schema_update.go:207.64,211.4 3 1
github.com/remiges-tech/crux/server/schema/schema_update.go:213.2,213.25 1 1
github.com/remiges-tech/crux/server/schema/schema_update.go:216.73,220.32 3 1
github.com/remiges-tech/crux/server/schema/schema_update.go:220.32,221.28 1 1
github.com/remiges-tech/crux/server/schema/schema_update.go:221.28,225.4 3 1
github.com/remiges-tech/crux/server/schema/schema_update.go:227.2,227.41 1 1
github.com/remiges-tech/crux/server/schema/schema_update.go:227.41,228.32 1 1
github.com/remiges-tech/crux/server/schema/schema_update.go:228.32,232.4 3 1
github.com/remiges-tech/crux/server/schema/schema_update.go:234.2,234.25 1 1
github.com/remiges-tech/crux/testutils/test_utils.go:13.35,15.16 2 1
github.com/remiges-tech/crux/testutils/test_utils.go:15.16,17.3 1 0
github.com/remiges-tech/crux/testutils/test_utils.go:18.2,18.17 1 1
github.com/remiges-tech/crux/testutils/test_utils.go:21.56,24.16 2 1
github.com/remiges-tech/crux/testutils/test_utils.go:24.16,26.3 1 0
github.com/remiges-tech/crux/testutils/test_utils.go:27.2,29.16 3 1
github.com/remiges-tech/crux/testutils/test_utils.go:29.16,31.3 1 0
github.com/remiges-tech/crux/testutils/test_utils.go:32.2,32.22 1 1
github.com/remiges-tech/crux/types/types.go:72.39,73.13 1 0
github.com/remiges-tech/crux/types/types.go:74.31,75.14 1 0
github.com/remiges-tech/crux/types/types.go:77.2,77.14 1 0
github.com/remiges-tech/crux/types/types.go:83.58,85.19 2 0
github.com/remiges-tech/crux/types/types.go:86.18,87.38 1 0
github.com/remiges-tech/crux/types/types.go:88.15,89.52 1 0
github.com/remiges-tech/crux/types/types.go:90.12,91.51 1 0
github.com/remiges-tech/crux/types/types.go:92.10,93.41 1 0
github.com/remiges-tech/crux/types/types.go:95.2,95.13 1 0
github.com/remiges-tech/crux/types/types.go:98.35,100.16 2 1
github.com/remiges-tech/crux/types/types.go:100.16,102.3 1 0
github.com/remiges-tech/crux/types/types.go:103.2,103.17 1 1
github.com/remiges-tech/crux/types/types.go:106.56,109.16 2 1
github.com/remiges-tech/crux/types/types.go:109.16,111.3 1 0
github.com/remiges-tech/crux/types/types.go:112.2,114.16 3 1
github.com/remiges-tech/crux/types/types.go:114.16,116.3 1 0
github.com/remiges-tech/crux/types/types.go:117.2,117.22 1 1
