mode: set
github.com/remiges-tech/crux/db/error.go:18.59,21.28 2 0
github.com/remiges-tech/crux/db/error.go:21.28,22.21 1 0
github.com/remiges-tech/crux/db/error.go:23.16,24.119 1 0
github.com/remiges-tech/crux/db/error.go:25.16,26.115 1 0
github.com/remiges-tech/crux/db/error.go:27.16,28.110 1 0
github.com/remiges-tech/crux/db/error.go:29.16,30.99 1 0
github.com/remiges-tech/crux/db/error.go:31.16,32.99 1 0
github.com/remiges-tech/crux/db/error.go:33.16,34.90 1 0
github.com/remiges-tech/crux/db/error.go:35.11,36.98 1 0
github.com/remiges-tech/crux/db/error.go:38.8,38.23 1 0
github.com/remiges-tech/crux/db/error.go:38.23,39.45 1 0
github.com/remiges-tech/crux/db/error.go:39.45,42.4 1 0
github.com/remiges-tech/crux/db/error.go:42.9,44.4 1 0
github.com/remiges-tech/crux/db/error.go:45.8,47.3 1 0
github.com/remiges-tech/crux/db/pg.go:9.60,12.16 3 1
github.com/remiges-tech/crux/db/pg.go:12.16,14.3 1 0
github.com/remiges-tech/crux/db/pg.go:15.2,16.16 2 1
github.com/remiges-tech/crux/db/pg.go:16.16,18.3 1 0
github.com/remiges-tech/crux/db/pg.go:19.2,19.22 1 1
github.com/remiges-tech/crux/db/sqlc-gen/app.sql.go:24.77,27.2 2 0
github.com/remiges-tech/crux/db/sqlc-gen/app.sql.go:39.76,44.2 4 0
github.com/remiges-tech/crux/db/sqlc-gen/app.sql.go:66.80,74.16 2 0
github.com/remiges-tech/crux/db/sqlc-gen/app.sql.go:74.16,76.3 1 0
github.com/remiges-tech/crux/db/sqlc-gen/app.sql.go:77.2,79.18 3 0
github.com/remiges-tech/crux/db/sqlc-gen/app.sql.go:79.18,89.17 2 0
github.com/remiges-tech/crux/db/sqlc-gen/app.sql.go:89.17,91.4 1 0
github.com/remiges-tech/crux/db/sqlc-gen/app.sql.go:92.3,92.27 1 0
github.com/remiges-tech/crux/db/sqlc-gen/app.sql.go:94.2,94.35 1 0
github.com/remiges-tech/crux/db/sqlc-gen/app.sql.go:94.35,96.3 1 0
github.com/remiges-tech/crux/db/sqlc-gen/app.sql.go:97.2,97.19 1 0
github.com/remiges-tech/crux/db/sqlc-gen/app.sql.go:118.77,126.2 2 0
github.com/remiges-tech/crux/db/sqlc-gen/app.sql.go:162.90,164.16 2 0
github.com/remiges-tech/crux/db/sqlc-gen/app.sql.go:164.16,166.3 1 0
github.com/remiges-tech/crux/db/sqlc-gen/app.sql.go:167.2,169.18 3 0
github.com/remiges-tech/crux/db/sqlc-gen/app.sql.go:169.18,179.17 2 0
github.com/remiges-tech/crux/db/sqlc-gen/app.sql.go:179.17,181.4 1 0
github.com/remiges-tech/crux/db/sqlc-gen/app.sql.go:182.3,182.27 1 0
github.com/remiges-tech/crux/db/sqlc-gen/app.sql.go:184.2,184.35 1 0
github.com/remiges-tech/crux/db/sqlc-gen/app.sql.go:184.35,186.3 1 0
github.com/remiges-tech/crux/db/sqlc-gen/app.sql.go:187.2,187.19 1 0
github.com/remiges-tech/crux/db/sqlc-gen/app.sql.go:199.88,201.16 2 0
github.com/remiges-tech/crux/db/sqlc-gen/app.sql.go:201.16,203.3 1 0
github.com/remiges-tech/crux/db/sqlc-gen/app.sql.go:204.2,206.18 3 0
github.com/remiges-tech/crux/db/sqlc-gen/app.sql.go:206.18,216.17 2 0
github.com/remiges-tech/crux/db/sqlc-gen/app.sql.go:216.17,218.4 1 0
github.com/remiges-tech/crux/db/sqlc-gen/app.sql.go:219.3,219.27 1 0
github.com/remiges-tech/crux/db/sqlc-gen/app.sql.go:221.2,221.35 1 0
github.com/remiges-tech/crux/db/sqlc-gen/app.sql.go:221.35,223.3 1 0
github.com/remiges-tech/crux/db/sqlc-gen/app.sql.go:224.2,224.19 1 0
github.com/remiges-tech/crux/db/sqlc-gen/app.sql.go:231.84,233.16 2 0
github.com/remiges-tech/crux/db/sqlc-gen/app.sql.go:233.16,235.3 1 0
github.com/remiges-tech/crux/db/sqlc-gen/app.sql.go:236.2,238.18 3 0
github.com/remiges-tech/crux/db/sqlc-gen/app.sql.go:238.18,240.49 2 0
github.com/remiges-tech/crux/db/sqlc-gen/app.sql.go:240.49,242.4 1 0
github.com/remiges-tech/crux/db/sqlc-gen/app.sql.go:243.3,243.37 1 0
github.com/remiges-tech/crux/db/sqlc-gen/app.sql.go:245.2,245.35 1 0
github.com/remiges-tech/crux/db/sqlc-gen/app.sql.go:245.35,247.3 1 0
github.com/remiges-tech/crux/db/sqlc-gen/app.sql.go:248.2,248.19 1 0
github.com/remiges-tech/crux/db/sqlc-gen/capgrant.sql.go:21.79,26.2 4 0
github.com/remiges-tech/crux/db/sqlc-gen/capgrant.sql.go:34.79,39.2 4 0
github.com/remiges-tech/crux/db/sqlc-gen/capgrant.sql.go:59.86,61.16 2 0
github.com/remiges-tech/crux/db/sqlc-gen/capgrant.sql.go:61.16,63.3 1 0
github.com/remiges-tech/crux/db/sqlc-gen/capgrant.sql.go:64.2,66.18 3 0
github.com/remiges-tech/crux/db/sqlc-gen/capgrant.sql.go:66.18,75.17 2 0
github.com/remiges-tech/crux/db/sqlc-gen/capgrant.sql.go:75.17,77.4 1 0
github.com/remiges-tech/crux/db/sqlc-gen/capgrant.sql.go:78.3,78.27 1 0
github.com/remiges-tech/crux/db/sqlc-gen/capgrant.sql.go:80.2,80.35 1 0
github.com/remiges-tech/crux/db/sqlc-gen/capgrant.sql.go:80.35,82.3 1 0
github.com/remiges-tech/crux/db/sqlc-gen/capgrant.sql.go:83.2,83.19 1 0
github.com/remiges-tech/crux/db/sqlc-gen/capgrant.sql.go:109.89,111.16 2 0
github.com/remiges-tech/crux/db/sqlc-gen/capgrant.sql.go:111.16,113.3 1 0
github.com/remiges-tech/crux/db/sqlc-gen/capgrant.sql.go:114.2,116.18 3 0
github.com/remiges-tech/crux/db/sqlc-gen/capgrant.sql.go:116.18,126.17 2 0
github.com/remiges-tech/crux/db/sqlc-gen/capgrant.sql.go:126.17,128.4 1 0
github.com/remiges-tech/crux/db/sqlc-gen/capgrant.sql.go:129.3,129.27 1 0
github.com/remiges-tech/crux/db/sqlc-gen/capgrant.sql.go:131.2,131.35 1 0
github.com/remiges-tech/crux/db/sqlc-gen/capgrant.sql.go:131.35,133.3 1 0
github.com/remiges-tech/crux/db/sqlc-gen/capgrant.sql.go:134.2,134.19 1 0
github.com/remiges-tech/crux/db/sqlc-gen/capgrant.sql.go:150.98,152.2 1 0
github.com/remiges-tech/crux/db/sqlc-gen/capgrant.sql.go:160.74,165.2 4 0
github.com/remiges-tech/crux/db/sqlc-gen/capgrant.sql.go:178.97,181.2 2 0
github.com/remiges-tech/crux/db/sqlc-gen/capgrant.sql.go:194.107,196.16 2 0
github.com/remiges-tech/crux/db/sqlc-gen/capgrant.sql.go:196.16,198.3 1 0
github.com/remiges-tech/crux/db/sqlc-gen/capgrant.sql.go:199.2,201.18 3 0
github.com/remiges-tech/crux/db/sqlc-gen/capgrant.sql.go:201.18,213.17 2 0
github.com/remiges-tech/crux/db/sqlc-gen/capgrant.sql.go:213.17,215.4 1 0
github.com/remiges-tech/crux/db/sqlc-gen/capgrant.sql.go:216.3,216.27 1 0
github.com/remiges-tech/crux/db/sqlc-gen/capgrant.sql.go:218.2,218.35 1 0
github.com/remiges-tech/crux/db/sqlc-gen/capgrant.sql.go:218.35,220.3 1 0
github.com/remiges-tech/crux/db/sqlc-gen/capgrant.sql.go:221.2,221.19 1 0
github.com/remiges-tech/crux/db/sqlc-gen/capgrant.sql.go:233.109,235.16 2 0
github.com/remiges-tech/crux/db/sqlc-gen/capgrant.sql.go:235.16,237.3 1 0
github.com/remiges-tech/crux/db/sqlc-gen/capgrant.sql.go:238.2,240.18 3 0
github.com/remiges-tech/crux/db/sqlc-gen/capgrant.sql.go:240.18,252.17 2 0
github.com/remiges-tech/crux/db/sqlc-gen/capgrant.sql.go:252.17,254.4 1 0
github.com/remiges-tech/crux/db/sqlc-gen/capgrant.sql.go:255.3,255.27 1 0
github.com/remiges-tech/crux/db/sqlc-gen/capgrant.sql.go:257.2,257.35 1 0
github.com/remiges-tech/crux/db/sqlc-gen/capgrant.sql.go:257.35,259.3 1 0
github.com/remiges-tech/crux/db/sqlc-gen/capgrant.sql.go:260.2,260.19 1 0
github.com/remiges-tech/crux/db/sqlc-gen/capgrant.sql.go:278.143,280.16 2 0
github.com/remiges-tech/crux/db/sqlc-gen/capgrant.sql.go:280.16,282.3 1 0
github.com/remiges-tech/crux/db/sqlc-gen/capgrant.sql.go:283.2,285.18 3 0
github.com/remiges-tech/crux/db/sqlc-gen/capgrant.sql.go:285.18,287.51 2 0
github.com/remiges-tech/crux/db/sqlc-gen/capgrant.sql.go:287.51,289.4 1 0
github.com/remiges-tech/crux/db/sqlc-gen/capgrant.sql.go:290.3,290.27 1 0
github.com/remiges-tech/crux/db/sqlc-gen/capgrant.sql.go:292.2,292.35 1 0
github.com/remiges-tech/crux/db/sqlc-gen/capgrant.sql.go:292.35,294.3 1 0
github.com/remiges-tech/crux/db/sqlc-gen/capgrant.sql.go:295.2,295.19 1 0
github.com/remiges-tech/crux/db/sqlc-gen/capgrant.sql.go:307.107,309.16 2 0
github.com/remiges-tech/crux/db/sqlc-gen/capgrant.sql.go:309.16,311.3 1 0
github.com/remiges-tech/crux/db/sqlc-gen/capgrant.sql.go:312.2,314.18 3 0
github.com/remiges-tech/crux/db/sqlc-gen/capgrant.sql.go:314.18,316.41 2 0
github.com/remiges-tech/crux/db/sqlc-gen/capgrant.sql.go:316.41,318.4 1 0
github.com/remiges-tech/crux/db/sqlc-gen/capgrant.sql.go:319.3,319.29 1 0
github.com/remiges-tech/crux/db/sqlc-gen/capgrant.sql.go:321.2,321.35 1 0
github.com/remiges-tech/crux/db/sqlc-gen/capgrant.sql.go:321.35,323.3 1 0
github.com/remiges-tech/crux/db/sqlc-gen/capgrant.sql.go:324.2,324.19 1 0
github.com/remiges-tech/crux/db/sqlc-gen/capgrant.sql.go:331.86,333.16 2 0
github.com/remiges-tech/crux/db/sqlc-gen/capgrant.sql.go:333.16,335.3 1 0
github.com/remiges-tech/crux/db/sqlc-gen/capgrant.sql.go:336.2,338.18 3 0
github.com/remiges-tech/crux/db/sqlc-gen/capgrant.sql.go:338.18,340.43 2 0
github.com/remiges-tech/crux/db/sqlc-gen/capgrant.sql.go:340.43,342.4 1 0
github.com/remiges-tech/crux/db/sqlc-gen/capgrant.sql.go:343.3,343.31 1 0
github.com/remiges-tech/crux/db/sqlc-gen/capgrant.sql.go:345.2,345.35 1 0
github.com/remiges-tech/crux/db/sqlc-gen/capgrant.sql.go:345.35,347.3 1 0
github.com/remiges-tech/crux/db/sqlc-gen/capgrant.sql.go:348.2,348.19 1 0
github.com/remiges-tech/crux/db/sqlc-gen/capgrant.sql.go:366.95,377.2 2 0
github.com/remiges-tech/crux/db/sqlc-gen/capgrant.sql.go:393.99,403.2 2 0
github.com/remiges-tech/crux/db/sqlc-gen/capgrant.sql.go:414.101,417.2 2 0
github.com/remiges-tech/crux/db/sqlc-gen/capgrant.sql.go:443.95,458.2 4 0
github.com/remiges-tech/crux/db/sqlc-gen/capgrant.sql.go:484.99,499.2 4 0
github.com/remiges-tech/crux/db/sqlc-gen/capgrant.sql.go:507.79,512.2 4 0
github.com/remiges-tech/crux/db/sqlc-gen/config.sql.go:30.88,32.16 2 0
github.com/remiges-tech/crux/db/sqlc-gen/config.sql.go:32.16,34.3 1 0
github.com/remiges-tech/crux/db/sqlc-gen/config.sql.go:35.2,37.18 3 0
github.com/remiges-tech/crux/db/sqlc-gen/config.sql.go:37.18,44.17 2 0
github.com/remiges-tech/crux/db/sqlc-gen/config.sql.go:44.17,46.4 1 0
github.com/remiges-tech/crux/db/sqlc-gen/config.sql.go:47.3,47.27 1 0
github.com/remiges-tech/crux/db/sqlc-gen/config.sql.go:49.2,49.35 1 0
github.com/remiges-tech/crux/db/sqlc-gen/config.sql.go:49.35,51.3 1 0
github.com/remiges-tech/crux/db/sqlc-gen/config.sql.go:52.2,52.19 1 0
github.com/remiges-tech/crux/db/sqlc-gen/config.sql.go:74.77,84.2 2 0
github.com/remiges-tech/crux/db/sqlc-gen/db.go:20.28,22.2 1 1
github.com/remiges-tech/crux/db/sqlc-gen/db.go:28.46,32.2 1 1
github.com/remiges-tech/crux/db/sqlc-gen/deactivated.sql.go:23.87,26.2 2 0
github.com/remiges-tech/crux/db/sqlc-gen/deactivated.sql.go:40.91,48.2 2 0
github.com/remiges-tech/crux/db/sqlc-gen/models.go:21.48,22.25 1 1
github.com/remiges-tech/crux/db/sqlc-gen/models.go:23.14,24.19 1 0
github.com/remiges-tech/crux/db/sqlc-gen/models.go:25.14,26.19 1 1
github.com/remiges-tech/crux/db/sqlc-gen/models.go:27.10,28.67 1 0
github.com/remiges-tech/crux/db/sqlc-gen/models.go:30.2,30.12 1 1
github.com/remiges-tech/crux/db/sqlc-gen/models.go:39.55,40.18 1 0
github.com/remiges-tech/crux/db/sqlc-gen/models.go:40.18,43.3 2 0
github.com/remiges-tech/crux/db/sqlc-gen/models.go:44.2,45.32 2 0
github.com/remiges-tech/crux/db/sqlc-gen/models.go:49.54,50.15 1 0
github.com/remiges-tech/crux/db/sqlc-gen/models.go:50.15,52.3 1 0
github.com/remiges-tech/crux/db/sqlc-gen/models.go:53.2,53.33 1 0
github.com/remiges-tech/crux/db/sqlc-gen/realmslice.sql.go:32.136,34.2 1 0
github.com/remiges-tech/crux/db/sqlc-gen/realmslice.sql.go:65.132,75.2 4 0
github.com/remiges-tech/crux/db/sqlc-gen/realmslice.sql.go:110.138,117.2 1 0
github.com/remiges-tech/crux/db/sqlc-gen/realmslice.sql.go:149.136,156.2 1 0
github.com/remiges-tech/crux/db/sqlc-gen/realmslice.sql.go:178.118,180.16 2 0
github.com/remiges-tech/crux/db/sqlc-gen/realmslice.sql.go:180.16,182.3 1 0
github.com/remiges-tech/crux/db/sqlc-gen/realmslice.sql.go:183.2,185.18 3 0
github.com/remiges-tech/crux/db/sqlc-gen/realmslice.sql.go:185.18,196.17 2 0
github.com/remiges-tech/crux/db/sqlc-gen/realmslice.sql.go:196.17,198.4 1 0
github.com/remiges-tech/crux/db/sqlc-gen/realmslice.sql.go:199.3,199.27 1 0
github.com/remiges-tech/crux/db/sqlc-gen/realmslice.sql.go:201.2,201.35 1 0
github.com/remiges-tech/crux/db/sqlc-gen/realmslice.sql.go:201.35,203.3 1 0
github.com/remiges-tech/crux/db/sqlc-gen/realmslice.sql.go:204.2,204.19 1 0
github.com/remiges-tech/crux/db/sqlc-gen/realmslice.sql.go:221.122,226.2 4 0
github.com/remiges-tech/crux/db/sqlc-gen/realmslice.sql.go:253.109,269.2 4 0
github.com/remiges-tech/crux/db/sqlc-gen/realmslice.sql.go:284.102,286.16 2 0
github.com/remiges-tech/crux/db/sqlc-gen/realmslice.sql.go:286.16,288.3 1 0
github.com/remiges-tech/crux/db/sqlc-gen/realmslice.sql.go:289.2,291.18 3 0
github.com/remiges-tech/crux/db/sqlc-gen/realmslice.sql.go:291.18,293.62 2 0
github.com/remiges-tech/crux/db/sqlc-gen/realmslice.sql.go:293.62,295.4 1 0
github.com/remiges-tech/crux/db/sqlc-gen/realmslice.sql.go:296.3,296.27 1 0
github.com/remiges-tech/crux/db/sqlc-gen/realmslice.sql.go:298.2,298.35 1 0
github.com/remiges-tech/crux/db/sqlc-gen/realmslice.sql.go:298.35,300.3 1 0
github.com/remiges-tech/crux/db/sqlc-gen/realmslice.sql.go:301.2,301.19 1 0
github.com/remiges-tech/crux/db/sqlc-gen/realmslice.sql.go:329.113,345.2 4 0
github.com/remiges-tech/crux/db/sqlc-gen/realmslice.sql.go:369.97,371.2 1 0
github.com/remiges-tech/crux/db/sqlc-gen/ruleset.sql.go:22.70,24.16 2 0
github.com/remiges-tech/crux/db/sqlc-gen/ruleset.sql.go:24.16,26.3 1 0
github.com/remiges-tech/crux/db/sqlc-gen/ruleset.sql.go:27.2,29.18 3 0
github.com/remiges-tech/crux/db/sqlc-gen/ruleset.sql.go:29.18,47.17 2 0
github.com/remiges-tech/crux/db/sqlc-gen/ruleset.sql.go:47.17,49.4 1 0
github.com/remiges-tech/crux/db/sqlc-gen/ruleset.sql.go:50.3,50.27 1 0
github.com/remiges-tech/crux/db/sqlc-gen/ruleset.sql.go:52.2,52.35 1 0
github.com/remiges-tech/crux/db/sqlc-gen/ruleset.sql.go:52.35,54.3 1 0
github.com/remiges-tech/crux/db/sqlc-gen/ruleset.sql.go:55.2,55.19 1 0
github.com/remiges-tech/crux/db/sqlc-gen/ruleset.sql.go:76.81,86.2 4 0
github.com/remiges-tech/crux/db/sqlc-gen/ruleset.sql.go:106.85,116.2 4 0
github.com/remiges-tech/crux/db/sqlc-gen/ruleset.sql.go:138.108,149.2 4 0
github.com/remiges-tech/crux/db/sqlc-gen/ruleset.sql.go:171.105,182.2 4 0
github.com/remiges-tech/crux/db/sqlc-gen/ruleset.sql.go:201.118,211.2 4 0
github.com/remiges-tech/crux/db/sqlc-gen/ruleset.sql.go:232.92,259.2 4 1
github.com/remiges-tech/crux/db/sqlc-gen/ruleset.sql.go:279.98,305.2 4 0
github.com/remiges-tech/crux/db/sqlc-gen/ruleset.sql.go:333.90,349.2 4 0
github.com/remiges-tech/crux/db/sqlc-gen/ruleset.sql.go:378.108,389.2 1 0
github.com/remiges-tech/crux/db/sqlc-gen/ruleset.sql.go:411.108,419.2 1 0
github.com/remiges-tech/crux/db/sqlc-gen/ruleset.sql.go:470.104,480.16 2 0
github.com/remiges-tech/crux/db/sqlc-gen/ruleset.sql.go:480.16,482.3 1 0
github.com/remiges-tech/crux/db/sqlc-gen/ruleset.sql.go:483.2,485.18 3 0
github.com/remiges-tech/crux/db/sqlc-gen/ruleset.sql.go:485.18,499.17 2 0
github.com/remiges-tech/crux/db/sqlc-gen/ruleset.sql.go:499.17,501.4 1 0
github.com/remiges-tech/crux/db/sqlc-gen/ruleset.sql.go:502.3,502.27 1 0
github.com/remiges-tech/crux/db/sqlc-gen/ruleset.sql.go:504.2,504.35 1 0
github.com/remiges-tech/crux/db/sqlc-gen/ruleset.sql.go:504.35,506.3 1 0
github.com/remiges-tech/crux/db/sqlc-gen/ruleset.sql.go:507.2,507.19 1 0
github.com/remiges-tech/crux/db/sqlc-gen/ruleset.sql.go:557.99,581.2 4 0
github.com/remiges-tech/crux/db/sqlc-gen/ruleset.sql.go:599.88,609.2 4 0
github.com/remiges-tech/crux/db/sqlc-gen/schema.sql.go:18.69,20.16 2 0
github.com/remiges-tech/crux/db/sqlc-gen/schema.sql.go:20.16,22.3 1 0
github.com/remiges-tech/crux/db/sqlc-gen/schema.sql.go:23.2,25.18 3 0
github.com/remiges-tech/crux/db/sqlc-gen/schema.sql.go:25.18,40.17 2 0
github.com/remiges-tech/crux/db/sqlc-gen/schema.sql.go:40.17,42.4 1 0
github.com/remiges-tech/crux/db/sqlc-gen/schema.sql.go:43.3,43.27 1 0
github.com/remiges-tech/crux/db/sqlc-gen/schema.sql.go:45.2,45.35 1 0
github.com/remiges-tech/crux/db/sqlc-gen/schema.sql.go:45.35,47.3 1 0
github.com/remiges-tech/crux/db/sqlc-gen/schema.sql.go:48.2,48.19 1 0
github.com/remiges-tech/crux/db/sqlc-gen/schema.sql.go:84.117,101.2 4 0
github.com/remiges-tech/crux/db/sqlc-gen/schema.sql.go:118.91,125.16 2 1
github.com/remiges-tech/crux/db/sqlc-gen/schema.sql.go:125.16,127.3 1 0
github.com/remiges-tech/crux/db/sqlc-gen/schema.sql.go:128.2,130.18 3 1
github.com/remiges-tech/crux/db/sqlc-gen/schema.sql.go:130.18,145.17 2 1
github.com/remiges-tech/crux/db/sqlc-gen/schema.sql.go:145.17,147.4 1 0
github.com/remiges-tech/crux/db/sqlc-gen/schema.sql.go:148.3,148.27 1 1
github.com/remiges-tech/crux/db/sqlc-gen/schema.sql.go:150.2,150.35 1 1
github.com/remiges-tech/crux/db/sqlc-gen/schema.sql.go:150.35,152.3 1 0
github.com/remiges-tech/crux/db/sqlc-gen/schema.sql.go:153.2,153.19 1 1
github.com/remiges-tech/crux/db/sqlc-gen/schema.sql.go:160.78,164.2 3 0
github.com/remiges-tech/crux/db/sqlc-gen/schema.sql.go:196.95,203.16 2 0
github.com/remiges-tech/crux/db/sqlc-gen/schema.sql.go:203.16,205.3 1 0
github.com/remiges-tech/crux/db/sqlc-gen/schema.sql.go:206.2,208.18 3 0
github.com/remiges-tech/crux/db/sqlc-gen/schema.sql.go:208.18,219.17 2 0
github.com/remiges-tech/crux/db/sqlc-gen/schema.sql.go:219.17,221.4 1 0
github.com/remiges-tech/crux/db/sqlc-gen/schema.sql.go:222.3,222.27 1 0
github.com/remiges-tech/crux/db/sqlc-gen/schema.sql.go:224.2,224.35 1 0
github.com/remiges-tech/crux/db/sqlc-gen/schema.sql.go:224.35,226.3 1 0
github.com/remiges-tech/crux/db/sqlc-gen/schema.sql.go:227.2,227.19 1 0
github.com/remiges-tech/crux/db/sqlc-gen/schema.sql.go:254.86,268.2 4 0
github.com/remiges-tech/crux/db/sqlc-gen/schema.sql.go:296.83,308.2 2 0
github.com/remiges-tech/crux/db/sqlc-gen/schema.sql.go:328.105,338.2 4 0
github.com/remiges-tech/crux/db/sqlc-gen/schema.sql.go:357.91,380.2 4 0
github.com/remiges-tech/crux/db/sqlc-gen/schema.sql.go:414.104,422.16 2 0
github.com/remiges-tech/crux/db/sqlc-gen/schema.sql.go:422.16,424.3 1 0
github.com/remiges-tech/crux/db/sqlc-gen/schema.sql.go:425.2,427.18 3 0
github.com/remiges-tech/crux/db/sqlc-gen/schema.sql.go:427.18,438.17 2 0
github.com/remiges-tech/crux/db/sqlc-gen/schema.sql.go:438.17,440.4 1 0
github.com/remiges-tech/crux/db/sqlc-gen/schema.sql.go:441.3,441.27 1 0
github.com/remiges-tech/crux/db/sqlc-gen/schema.sql.go:443.2,443.35 1 0
github.com/remiges-tech/crux/db/sqlc-gen/schema.sql.go:443.35,445.3 1 0
github.com/remiges-tech/crux/db/sqlc-gen/schema.sql.go:446.2,446.19 1 0
github.com/remiges-tech/crux/db/sqlc-gen/schema.sql.go:489.87,498.2 2 0
github.com/remiges-tech/crux/db/sqlc-gen/schema.sql.go:535.99,557.2 4 0
github.com/remiges-tech/crux/db/sqlc-gen/sqlc_tx.go:26.57,31.2 1 0
github.com/remiges-tech/crux/db/sqlc-gen/sqlc_tx.go:38.117,40.2 1 0
github.com/remiges-tech/crux/db/sqlc-gen/sqlc_tx.go:47.106,49.16 2 0
github.com/remiges-tech/crux/db/sqlc-gen/sqlc_tx.go:49.16,51.3 1 0
github.com/remiges-tech/crux/db/sqlc-gen/sqlc_tx.go:52.2,54.16 3 0
github.com/remiges-tech/crux/db/sqlc-gen/sqlc_tx.go:54.16,55.46 1 0
github.com/remiges-tech/crux/db/sqlc-gen/sqlc_tx.go:55.46,57.4 1 0
github.com/remiges-tech/crux/db/sqlc-gen/sqlc_tx.go:58.3,58.21 1 0
github.com/remiges-tech/crux/db/sqlc-gen/sqlc_tx.go:60.2,60.31 1 0
github.com/remiges-tech/crux/db/sqlc-gen/stepworkflow.sql.go:21.111,26.2 4 1
github.com/remiges-tech/crux/db/sqlc-gen/wfinstance.sql.go:36.109,47.16 2 1
github.com/remiges-tech/crux/db/sqlc-gen/wfinstance.sql.go:47.16,49.3 1 0
github.com/remiges-tech/crux/db/sqlc-gen/wfinstance.sql.go:50.2,52.18 3 1
github.com/remiges-tech/crux/db/sqlc-gen/wfinstance.sql.go:52.18,66.17 2 1
github.com/remiges-tech/crux/db/sqlc-gen/wfinstance.sql.go:66.17,68.4 1 0
github.com/remiges-tech/crux/db/sqlc-gen/wfinstance.sql.go:69.3,69.27 1 1
github.com/remiges-tech/crux/db/sqlc-gen/wfinstance.sql.go:71.2,71.35 1 1
github.com/remiges-tech/crux/db/sqlc-gen/wfinstance.sql.go:71.35,73.3 1 0
github.com/remiges-tech/crux/db/sqlc-gen/wfinstance.sql.go:74.2,74.19 1 1
github.com/remiges-tech/crux/db/sqlc-gen/wfinstance.sql.go:89.133,91.16 2 0
github.com/remiges-tech/crux/db/sqlc-gen/wfinstance.sql.go:91.16,93.3 1 0
github.com/remiges-tech/crux/db/sqlc-gen/wfinstance.sql.go:94.2,96.18 3 0
github.com/remiges-tech/crux/db/sqlc-gen/wfinstance.sql.go:96.18,110.17 2 0
github.com/remiges-tech/crux/db/sqlc-gen/wfinstance.sql.go:110.17,112.4 1 0
github.com/remiges-tech/crux/db/sqlc-gen/wfinstance.sql.go:113.3,113.27 1 0
github.com/remiges-tech/crux/db/sqlc-gen/wfinstance.sql.go:115.2,115.35 1 0
github.com/remiges-tech/crux/db/sqlc-gen/wfinstance.sql.go:115.35,117.3 1 0
github.com/remiges-tech/crux/db/sqlc-gen/wfinstance.sql.go:118.2,118.19 1 0
github.com/remiges-tech/crux/db/sqlc-gen/wfinstance.sql.go:136.93,139.2 2 1
github.com/remiges-tech/crux/db/sqlc-gen/wfinstance.sql.go:153.115,155.16 2 0
github.com/remiges-tech/crux/db/sqlc-gen/wfinstance.sql.go:155.16,157.3 1 0
github.com/remiges-tech/crux/db/sqlc-gen/wfinstance.sql.go:158.2,160.18 3 0
github.com/remiges-tech/crux/db/sqlc-gen/wfinstance.sql.go:160.18,174.17 2 0
github.com/remiges-tech/crux/db/sqlc-gen/wfinstance.sql.go:174.17,176.4 1 0
github.com/remiges-tech/crux/db/sqlc-gen/wfinstance.sql.go:177.3,177.27 1 0
github.com/remiges-tech/crux/db/sqlc-gen/wfinstance.sql.go:179.2,179.35 1 0
github.com/remiges-tech/crux/db/sqlc-gen/wfinstance.sql.go:179.35,181.3 1 0
github.com/remiges-tech/crux/db/sqlc-gen/wfinstance.sql.go:182.2,182.19 1 0
github.com/remiges-tech/crux/db/sqlc-gen/wfinstance.sql.go:202.94,212.2 4 0
github.com/remiges-tech/crux/db/sqlc-gen/wfinstance.sql.go:231.106,241.2 4 1
github.com/remiges-tech/crux/db/sqlc-gen/wfinstance.sql.go:259.113,281.2 4 0
github.com/remiges-tech/crux/db/sqlc-gen/wfinstance.sql.go:289.90,306.2 4 1
github.com/remiges-tech/crux/db/sqlc-gen/wfinstance.sql.go:326.109,334.16 2 0
github.com/remiges-tech/crux/db/sqlc-gen/wfinstance.sql.go:334.16,336.3 1 0
github.com/remiges-tech/crux/db/sqlc-gen/wfinstance.sql.go:337.2,339.18 3 0
github.com/remiges-tech/crux/db/sqlc-gen/wfinstance.sql.go:339.18,353.17 2 0
github.com/remiges-tech/crux/db/sqlc-gen/wfinstance.sql.go:353.17,355.4 1 0
github.com/remiges-tech/crux/db/sqlc-gen/wfinstance.sql.go:356.3,356.27 1 0
github.com/remiges-tech/crux/db/sqlc-gen/wfinstance.sql.go:358.2,358.35 1 0
github.com/remiges-tech/crux/db/sqlc-gen/wfinstance.sql.go:358.35,360.3 1 0
github.com/remiges-tech/crux/db/sqlc-gen/wfinstance.sql.go:361.2,361.19 1 0
github.com/remiges-tech/crux/db/sqlc-gen/wfinstance.sql.go:370.101,372.16 2 0
github.com/remiges-tech/crux/db/sqlc-gen/wfinstance.sql.go:372.16,374.3 1 0
github.com/remiges-tech/crux/db/sqlc-gen/wfinstance.sql.go:375.2,377.18 3 0
github.com/remiges-tech/crux/db/sqlc-gen/wfinstance.sql.go:377.18,391.17 2 0
github.com/remiges-tech/crux/db/sqlc-gen/wfinstance.sql.go:391.17,393.4 1 0
github.com/remiges-tech/crux/db/sqlc-gen/wfinstance.sql.go:394.3,394.27 1 0
github.com/remiges-tech/crux/db/sqlc-gen/wfinstance.sql.go:396.2,396.35 1 0
github.com/remiges-tech/crux/db/sqlc-gen/wfinstance.sql.go:396.35,398.3 1 0
github.com/remiges-tech/crux/db/sqlc-gen/wfinstance.sql.go:399.2,399.19 1 0
github.com/remiges-tech/crux/db/sqlc-gen/wfinstance.sql.go:418.131,425.16 2 1
github.com/remiges-tech/crux/db/sqlc-gen/wfinstance.sql.go:425.16,427.3 1 0
github.com/remiges-tech/crux/db/sqlc-gen/wfinstance.sql.go:428.2,430.18 3 1
github.com/remiges-tech/crux/db/sqlc-gen/wfinstance.sql.go:430.18,444.17 2 1
github.com/remiges-tech/crux/db/sqlc-gen/wfinstance.sql.go:444.17,446.4 1 0
github.com/remiges-tech/crux/db/sqlc-gen/wfinstance.sql.go:447.3,447.27 1 1
github.com/remiges-tech/crux/db/sqlc-gen/wfinstance.sql.go:449.2,449.35 1 1
github.com/remiges-tech/crux/db/sqlc-gen/wfinstance.sql.go:449.35,451.3 1 0
github.com/remiges-tech/crux/db/sqlc-gen/wfinstance.sql.go:452.2,452.19 1 1
github.com/remiges-tech/crux/db/sqlc-gen/wfinstance.sql.go:474.103,483.2 2 1
github.com/remiges-tech/crux/db/sqlc-gen/wfinstance.sql.go:503.99,512.2 2 0
github.com/remiges-tech/crux/matching-engine/cache.go:25.18,27.2 1 1
github.com/remiges-tech/crux/matching-engine/cache.go:29.20,31.2 1 1
github.com/remiges-tech/crux/matching-engine/cache.go:37.64,44.2 1 1
github.com/remiges-tech/crux/matching-engine/cache.go:45.79,47.16 2 0
github.com/remiges-tech/crux/matching-engine/cache.go:47.16,49.3 1 0
github.com/remiges-tech/crux/matching-engine/cache.go:51.2,52.16 2 0
github.com/remiges-tech/crux/matching-engine/cache.go:52.16,54.3 1 0
github.com/remiges-tech/crux/matching-engine/cache.go:55.2,55.12 1 0
github.com/remiges-tech/crux/matching-engine/cache.go:57.72,67.16 4 1
github.com/remiges-tech/crux/matching-engine/cache.go:67.16,69.3 1 0
github.com/remiges-tech/crux/matching-engine/cache.go:70.2,70.32 1 1
github.com/remiges-tech/crux/matching-engine/cache.go:70.32,72.3 1 0
github.com/remiges-tech/crux/matching-engine/cache.go:74.2,75.16 2 1
github.com/remiges-tech/crux/matching-engine/cache.go:75.16,77.3 1 0
github.com/remiges-tech/crux/matching-engine/cache.go:78.2,78.12 1 1
github.com/remiges-tech/crux/matching-engine/cache.go:81.86,94.16 4 1
github.com/remiges-tech/crux/matching-engine/cache.go:94.16,96.3 1 0
github.com/remiges-tech/crux/matching-engine/cache.go:97.2,97.47 1 1
github.com/remiges-tech/crux/matching-engine/cache.go:97.47,99.3 1 0
github.com/remiges-tech/crux/matching-engine/cache.go:100.2,101.16 2 1
github.com/remiges-tech/crux/matching-engine/cache.go:101.16,103.3 1 0
github.com/remiges-tech/crux/matching-engine/cache.go:104.2,104.12 1 1
github.com/remiges-tech/crux/matching-engine/cache.go:107.99,110.16 2 0
github.com/remiges-tech/crux/matching-engine/cache.go:110.16,112.3 1 0
github.com/remiges-tech/crux/matching-engine/cache.go:114.2,115.16 2 0
github.com/remiges-tech/crux/matching-engine/cache.go:115.16,117.3 1 0
github.com/remiges-tech/crux/matching-engine/cache.go:118.2,118.12 1 0
github.com/remiges-tech/crux/matching-engine/cache.go:121.73,123.32 1 1
github.com/remiges-tech/crux/matching-engine/cache.go:123.32,125.3 1 0
github.com/remiges-tech/crux/matching-engine/cache.go:127.2,127.39 1 1
github.com/remiges-tech/crux/matching-engine/cache.go:127.39,130.14 3 1
github.com/remiges-tech/crux/matching-engine/cache.go:130.14,133.4 2 1
github.com/remiges-tech/crux/matching-engine/cache.go:135.3,137.14 3 1
github.com/remiges-tech/crux/matching-engine/cache.go:137.14,140.4 2 1
github.com/remiges-tech/crux/matching-engine/cache.go:142.3,144.14 3 1
github.com/remiges-tech/crux/matching-engine/cache.go:144.14,150.4 1 1
github.com/remiges-tech/crux/matching-engine/cache.go:151.3,153.70 2 1
github.com/remiges-tech/crux/matching-engine/cache.go:153.70,155.12 2 0
github.com/remiges-tech/crux/matching-engine/cache.go:158.3,160.68 2 1
github.com/remiges-tech/crux/matching-engine/cache.go:160.68,162.12 2 0
github.com/remiges-tech/crux/matching-engine/cache.go:165.3,172.22 3 1
github.com/remiges-tech/crux/matching-engine/cache.go:172.22,174.4 1 0
github.com/remiges-tech/crux/matching-engine/cache.go:174.9,174.29 1 1
github.com/remiges-tech/crux/matching-engine/cache.go:174.29,176.4 1 1
github.com/remiges-tech/crux/matching-engine/cache.go:179.2,179.12 1 1
github.com/remiges-tech/crux/matching-engine/cache.go:182.74,184.47 1 1
github.com/remiges-tech/crux/matching-engine/cache.go:184.47,186.3 1 0
github.com/remiges-tech/crux/matching-engine/cache.go:188.2,190.13 3 1
github.com/remiges-tech/crux/matching-engine/cache.go:190.13,193.3 2 1
github.com/remiges-tech/crux/matching-engine/cache.go:195.2,197.13 3 1
github.com/remiges-tech/crux/matching-engine/cache.go:197.13,200.3 2 1
github.com/remiges-tech/crux/matching-engine/cache.go:202.2,204.13 3 1
github.com/remiges-tech/crux/matching-engine/cache.go:204.13,210.3 1 1
github.com/remiges-tech/crux/matching-engine/cache.go:212.2,214.16 3 1
github.com/remiges-tech/crux/matching-engine/cache.go:214.16,217.3 2 0
github.com/remiges-tech/crux/matching-engine/cache.go:219.2,226.35 3 1
github.com/remiges-tech/crux/matching-engine/cache.go:226.35,229.3 1 0
github.com/remiges-tech/crux/matching-engine/cache.go:229.8,229.42 1 1
github.com/remiges-tech/crux/matching-engine/cache.go:229.42,233.3 3 1
github.com/remiges-tech/crux/matching-engine/cache.go:236.2,236.12 1 1
github.com/remiges-tech/crux/matching-engine/cache.go:297.144,300.16 2 1
github.com/remiges-tech/crux/matching-engine/cache.go:300.16,302.3 1 0
github.com/remiges-tech/crux/matching-engine/cache.go:304.2,305.16 2 1
github.com/remiges-tech/crux/matching-engine/cache.go:305.16,307.3 1 0
github.com/remiges-tech/crux/matching-engine/cache.go:309.2,309.35 1 1
github.com/remiges-tech/crux/matching-engine/cache.go:312.109,313.17 1 1
github.com/remiges-tech/crux/matching-engine/cache.go:313.17,315.15 2 0
github.com/remiges-tech/crux/matching-engine/cache.go:315.15,317.4 1 0
github.com/remiges-tech/crux/matching-engine/cache.go:318.3,318.16 1 0
github.com/remiges-tech/crux/matching-engine/cache.go:318.16,319.65 1 0
github.com/remiges-tech/crux/matching-engine/cache.go:319.65,321.5 1 0
github.com/remiges-tech/crux/matching-engine/cache.go:321.10,323.17 2 0
github.com/remiges-tech/crux/matching-engine/cache.go:323.17,325.6 1 0
github.com/remiges-tech/crux/matching-engine/cache.go:325.11,327.6 1 0
github.com/remiges-tech/crux/matching-engine/cache.go:330.8,330.24 1 1
github.com/remiges-tech/crux/matching-engine/cache.go:330.24,332.15 2 1
github.com/remiges-tech/crux/matching-engine/cache.go:332.15,334.4 1 1
github.com/remiges-tech/crux/matching-engine/cache.go:335.3,335.16 1 1
github.com/remiges-tech/crux/matching-engine/cache.go:335.16,336.65 1 1
github.com/remiges-tech/crux/matching-engine/cache.go:336.65,338.5 1 0
github.com/remiges-tech/crux/matching-engine/cache.go:338.10,340.17 2 1
github.com/remiges-tech/crux/matching-engine/cache.go:340.17,342.6 1 1
github.com/remiges-tech/crux/matching-engine/cache.go:342.11,344.6 1 0
github.com/remiges-tech/crux/matching-engine/cache.go:348.2,348.43 1 0
github.com/remiges-tech/crux/matching-engine/cache.go:351.127,354.12 2 1
github.com/remiges-tech/crux/matching-engine/cache.go:354.12,356.3 1 1
github.com/remiges-tech/crux/matching-engine/cache.go:356.8,357.78 1 1
github.com/remiges-tech/crux/matching-engine/cache.go:357.78,359.4 1 0
github.com/remiges-tech/crux/matching-engine/cache.go:359.9,361.14 2 1
github.com/remiges-tech/crux/matching-engine/cache.go:361.14,363.5 1 1
github.com/remiges-tech/crux/matching-engine/cache.go:363.10,365.5 1 0
github.com/remiges-tech/crux/matching-engine/cache.go:370.122,371.17 1 1
github.com/remiges-tech/crux/matching-engine/cache.go:371.17,373.12 2 0
github.com/remiges-tech/crux/matching-engine/cache.go:373.12,374.33 1 0
github.com/remiges-tech/crux/matching-engine/cache.go:374.33,375.33 1 0
github.com/remiges-tech/crux/matching-engine/cache.go:375.33,377.6 1 0
github.com/remiges-tech/crux/matching-engine/cache.go:380.8,380.24 1 1
github.com/remiges-tech/crux/matching-engine/cache.go:380.24,382.12 2 1
github.com/remiges-tech/crux/matching-engine/cache.go:382.12,383.32 1 1
github.com/remiges-tech/crux/matching-engine/cache.go:383.32,384.33 1 1
github.com/remiges-tech/crux/matching-engine/cache.go:384.33,386.6 1 1
github.com/remiges-tech/crux/matching-engine/cache.go:390.2,390.19 1 1
github.com/remiges-tech/crux/matching-engine/collect_actions.go:5.83,14.43 3 1
github.com/remiges-tech/crux/matching-engine/collect_actions.go:14.43,16.43 2 1
github.com/remiges-tech/crux/matching-engine/collect_actions.go:16.43,17.23 1 1
github.com/remiges-tech/crux/matching-engine/collect_actions.go:17.23,19.10 2 0
github.com/remiges-tech/crux/matching-engine/collect_actions.go:22.3,22.13 1 1
github.com/remiges-tech/crux/matching-engine/collect_actions.go:22.13,24.4 1 1
github.com/remiges-tech/crux/matching-engine/collect_actions.go:29.2,29.46 1 1
github.com/remiges-tech/crux/matching-engine/collect_actions.go:29.46,31.3 1 0
github.com/remiges-tech/crux/matching-engine/collect_actions.go:34.2,34.60 1 1
github.com/remiges-tech/crux/matching-engine/collect_actions.go:34.60,36.57 2 1
github.com/remiges-tech/crux/matching-engine/collect_actions.go:36.57,37.36 1 0
github.com/remiges-tech/crux/matching-engine/collect_actions.go:37.36,40.10 3 0
github.com/remiges-tech/crux/matching-engine/collect_actions.go:43.3,43.13 1 1
github.com/remiges-tech/crux/matching-engine/collect_actions.go:43.13,45.4 1 1
github.com/remiges-tech/crux/matching-engine/collect_actions.go:48.2,48.21 1 1
github.com/remiges-tech/crux/matching-engine/do_match.go:14.157,18.37 2 1
github.com/remiges-tech/crux/matching-engine/do_match.go:18.37,24.17 3 1
github.com/remiges-tech/crux/matching-engine/do_match.go:24.17,29.4 1 0
github.com/remiges-tech/crux/matching-engine/do_match.go:31.3,31.14 1 1
github.com/remiges-tech/crux/matching-engine/do_match.go:31.14,35.42 2 1
github.com/remiges-tech/crux/matching-engine/do_match.go:35.42,43.38 1 0
github.com/remiges-tech/crux/matching-engine/do_match.go:43.38,45.6 1 0
github.com/remiges-tech/crux/matching-engine/do_match.go:47.5,49.19 3 0
github.com/remiges-tech/crux/matching-engine/do_match.go:49.19,54.6 1 0
github.com/remiges-tech/crux/matching-engine/do_match.go:55.10,55.48 1 1
github.com/remiges-tech/crux/matching-engine/do_match.go:55.48,58.5 1 0
github.com/remiges-tech/crux/matching-engine/do_match.go:58.10,58.40 1 1
github.com/remiges-tech/crux/matching-engine/do_match.go:58.40,62.5 2 0
github.com/remiges-tech/crux/matching-engine/do_match.go:62.10,62.49 1 1
github.com/remiges-tech/crux/matching-engine/do_match.go:62.49,69.38 1 0
github.com/remiges-tech/crux/matching-engine/do_match.go:69.38,71.6 1 0
github.com/remiges-tech/crux/matching-engine/do_match.go:73.5,75.19 3 0
github.com/remiges-tech/crux/matching-engine/do_match.go:75.19,80.6 1 0
github.com/remiges-tech/crux/matching-engine/do_match.go:80.11,80.22 1 0
github.com/remiges-tech/crux/matching-engine/do_match.go:80.22,82.6 1 0
github.com/remiges-tech/crux/matching-engine/do_match.go:88.2,90.29 2 1
github.com/remiges-tech/crux/matching-engine/do_match.go:93.85,94.35 1 0
github.com/remiges-tech/crux/matching-engine/do_match.go:94.35,95.38 1 0
github.com/remiges-tech/crux/matching-engine/do_match.go:95.38,97.61 2 0
github.com/remiges-tech/crux/matching-engine/do_match.go:97.61,98.40 1 0
github.com/remiges-tech/crux/matching-engine/do_match.go:98.40,101.6 2 0
github.com/remiges-tech/crux/matching-engine/do_match.go:103.4,103.14 1 0
github.com/remiges-tech/crux/matching-engine/do_match.go:103.14,105.5 1 0
github.com/remiges-tech/crux/matching-engine/do_match.go:108.2,108.19 1 0
github.com/remiges-tech/crux/matching-engine/do_match.go:111.114,115.2 1 0
github.com/remiges-tech/crux/matching-engine/match_pattern.go:33.122,35.35 1 1
github.com/remiges-tech/crux/matching-engine/match_pattern.go:35.35,40.45 3 1
github.com/remiges-tech/crux/matching-engine/match_pattern.go:40.45,45.4 3 1
github.com/remiges-tech/crux/matching-engine/match_pattern.go:48.3,48.26 1 1
github.com/remiges-tech/crux/matching-engine/match_pattern.go:48.26,49.41 1 0
github.com/remiges-tech/crux/matching-engine/match_pattern.go:49.41,50.26 1 0
github.com/remiges-tech/crux/matching-engine/match_pattern.go:50.26,53.6 2 0
github.com/remiges-tech/crux/matching-engine/match_pattern.go:58.3,58.26 1 1
github.com/remiges-tech/crux/matching-engine/match_pattern.go:58.26,61.4 2 0
github.com/remiges-tech/crux/matching-engine/match_pattern.go:63.3,66.17 3 1
github.com/remiges-tech/crux/matching-engine/match_pattern.go:66.17,68.4 1 0
github.com/remiges-tech/crux/matching-engine/match_pattern.go:70.3,70.15 1 1
github.com/remiges-tech/crux/matching-engine/match_pattern.go:70.15,72.4 1 1
github.com/remiges-tech/crux/matching-engine/match_pattern.go:76.2,76.18 1 1
github.com/remiges-tech/crux/matching-engine/match_pattern.go:80.79,81.17 1 1
github.com/remiges-tech/crux/matching-engine/match_pattern.go:82.15,83.42 1 0
github.com/remiges-tech/crux/matching-engine/match_pattern.go:83.42,85.18 2 0
github.com/remiges-tech/crux/matching-engine/match_pattern.go:85.18,87.5 1 0
github.com/remiges-tech/crux/matching-engine/match_pattern.go:88.4,88.24 1 0
github.com/remiges-tech/crux/matching-engine/match_pattern.go:90.3,90.26 1 0
github.com/remiges-tech/crux/matching-engine/match_pattern.go:91.17,92.42 1 0
github.com/remiges-tech/crux/matching-engine/match_pattern.go:92.42,94.18 2 0
github.com/remiges-tech/crux/matching-engine/match_pattern.go:94.18,96.5 1 0
github.com/remiges-tech/crux/matching-engine/match_pattern.go:97.4,97.26 1 0
github.com/remiges-tech/crux/matching-engine/match_pattern.go:99.3,99.26 1 0
github.com/remiges-tech/crux/matching-engine/match_pattern.go:100.16,101.42 1 1
github.com/remiges-tech/crux/matching-engine/match_pattern.go:101.42,103.18 2 0
github.com/remiges-tech/crux/matching-engine/match_pattern.go:103.18,105.5 1 0
github.com/remiges-tech/crux/matching-engine/match_pattern.go:106.4,106.25 1 0
github.com/remiges-tech/crux/matching-engine/match_pattern.go:108.3,108.26 1 1
github.com/remiges-tech/crux/matching-engine/match_pattern.go:109.14,111.26 1 0
github.com/remiges-tech/crux/matching-engine/match_pattern.go:112.25,114.26 1 1
github.com/remiges-tech/crux/matching-engine/match_pattern.go:115.10,116.48 1 0
github.com/remiges-tech/crux/matching-engine/match_pattern.go:120.84,122.23 1 1
github.com/remiges-tech/crux/matching-engine/match_pattern.go:122.23,124.3 1 0
github.com/remiges-tech/crux/matching-engine/match_pattern.go:125.2,125.31 1 1
github.com/remiges-tech/crux/matching-engine/match_pattern.go:125.31,126.55 1 1
github.com/remiges-tech/crux/matching-engine/match_pattern.go:126.55,128.35 1 1
github.com/remiges-tech/crux/matching-engine/match_pattern.go:128.35,131.5 1 1
github.com/remiges-tech/crux/matching-engine/match_pattern.go:134.2,134.11 1 0
github.com/remiges-tech/crux/matching-engine/match_pattern.go:141.101,144.16 2 1
github.com/remiges-tech/crux/matching-engine/match_pattern.go:144.16,146.3 1 0
github.com/remiges-tech/crux/matching-engine/match_pattern.go:147.2,147.12 1 1
github.com/remiges-tech/crux/matching-engine/match_pattern.go:148.12,150.39 1 1
github.com/remiges-tech/crux/matching-engine/match_pattern.go:150.39,152.4 1 1
github.com/remiges-tech/crux/matching-engine/match_pattern.go:153.3,153.19 1 1
github.com/remiges-tech/crux/matching-engine/match_pattern.go:154.12,155.39 1 0
github.com/remiges-tech/crux/matching-engine/match_pattern.go:155.39,157.4 1 0
github.com/remiges-tech/crux/matching-engine/match_pattern.go:158.3,158.19 1 0
github.com/remiges-tech/crux/matching-engine/match_pattern.go:160.2,161.28 2 0
github.com/remiges-tech/crux/matching-engine/match_pattern.go:161.28,163.3 1 0
github.com/remiges-tech/crux/matching-engine/match_pattern.go:164.2,167.12 3 0
github.com/remiges-tech/crux/matching-engine/match_pattern.go:169.12,171.25 2 0
github.com/remiges-tech/crux/matching-engine/match_pattern.go:172.12,174.42 2 0
github.com/remiges-tech/crux/matching-engine/match_pattern.go:175.12,177.24 2 0
github.com/remiges-tech/crux/matching-engine/match_pattern.go:178.12,180.41 2 0
github.com/remiges-tech/crux/matching-engine/match_pattern.go:182.2,182.16 1 0
github.com/remiges-tech/crux/matching-engine/match_pattern.go:182.16,184.3 1 0
github.com/remiges-tech/crux/matching-engine/match_pattern.go:185.2,185.19 1 0
github.com/remiges-tech/crux/matching-engine/match_pattern.go:192.42,193.12 1 0
github.com/remiges-tech/crux/matching-engine/match_pattern.go:193.12,195.3 1 0
github.com/remiges-tech/crux/matching-engine/match_pattern.go:196.2,197.18 2 0
github.com/remiges-tech/crux/matching-engine/match_pattern.go:198.12,199.27 1 0
github.com/remiges-tech/crux/matching-engine/match_pattern.go:199.27,201.4 1 0
github.com/remiges-tech/crux/matching-engine/match_pattern.go:202.11,203.24 1 0
github.com/remiges-tech/crux/matching-engine/match_pattern.go:203.24,205.4 1 0
github.com/remiges-tech/crux/matching-engine/match_pattern.go:206.3,206.25 1 0
github.com/remiges-tech/crux/matching-engine/match_pattern.go:206.25,208.4 1 0
github.com/remiges-tech/crux/matching-engine/match_pattern.go:209.15,210.32 1 0
github.com/remiges-tech/crux/matching-engine/match_pattern.go:210.32,212.4 1 0
github.com/remiges-tech/crux/matching-engine/match_pattern.go:213.3,213.33 1 0
github.com/remiges-tech/crux/matching-engine/match_pattern.go:213.33,215.4 1 0
github.com/remiges-tech/crux/matching-engine/match_pattern.go:216.14,217.30 1 0
github.com/remiges-tech/crux/matching-engine/match_pattern.go:217.30,219.4 1 0
github.com/remiges-tech/crux/matching-engine/match_pattern.go:220.3,220.31 1 0
github.com/remiges-tech/crux/matching-engine/match_pattern.go:220.31,222.4 1 0
github.com/remiges-tech/crux/matching-engine/match_pattern.go:223.17,224.42 1 0
github.com/remiges-tech/crux/matching-engine/match_pattern.go:224.42,226.4 1 0
github.com/remiges-tech/crux/matching-engine/match_pattern.go:227.3,227.37 1 0
github.com/remiges-tech/crux/matching-engine/match_pattern.go:227.37,229.4 1 0
github.com/remiges-tech/crux/matching-engine/match_pattern.go:230.10,231.40 1 0
github.com/remiges-tech/crux/matching-engine/match_pattern.go:233.2,233.14 1 0
github.com/remiges-tech/crux/matching-engine/match_pattern.go:233.14,235.3 1 0
github.com/remiges-tech/crux/matching-engine/match_pattern.go:235.8,237.3 1 0
github.com/remiges-tech/crux/matching-engine/match_pattern.go:241.78,245.17 3 1
github.com/remiges-tech/crux/matching-engine/match_pattern.go:246.16,247.60 1 1
github.com/remiges-tech/crux/matching-engine/match_pattern.go:248.15,249.55 1 0
github.com/remiges-tech/crux/matching-engine/match_pattern.go:250.17,251.65 1 0
github.com/remiges-tech/crux/matching-engine/match_pattern.go:252.25,253.36 1 1
github.com/remiges-tech/crux/matching-engine/match_pattern.go:254.14,255.65 1 0
github.com/remiges-tech/crux/matching-engine/match_pattern.go:257.2,257.16 1 1
github.com/remiges-tech/crux/matching-engine/match_pattern.go:257.16,259.3 1 0
github.com/remiges-tech/crux/matching-engine/match_pattern.go:260.2,260.31 1 1
github.com/remiges-tech/crux/matching-engine/match_pattern.go:263.74,265.19 1 1
github.com/remiges-tech/crux/matching-engine/match_pattern.go:265.19,267.28 1 1
github.com/remiges-tech/crux/matching-engine/match_pattern.go:267.28,270.4 1 1
github.com/remiges-tech/crux/matching-engine/verify_data.go:42.35,44.2 1 0
github.com/remiges-tech/crux/matching-engine/verify_data.go:49.63,51.29 2 0
github.com/remiges-tech/crux/matching-engine/verify_data.go:51.29,53.25 1 0
github.com/remiges-tech/crux/matching-engine/verify_data.go:53.25,56.4 2 0
github.com/remiges-tech/crux/matching-engine/verify_data.go:57.3,57.56 1 0
github.com/remiges-tech/crux/matching-engine/verify_data.go:57.56,59.4 1 0
github.com/remiges-tech/crux/matching-engine/verify_data.go:60.3,60.55 1 0
github.com/remiges-tech/crux/matching-engine/verify_data.go:60.55,62.4 1 0
github.com/remiges-tech/crux/matching-engine/verify_data.go:64.2,64.13 1 0
github.com/remiges-tech/crux/matching-engine/verify_data.go:67.58,69.32 2 0
github.com/remiges-tech/crux/matching-engine/verify_data.go:69.32,72.3 2 0
github.com/remiges-tech/crux/matching-engine/verify_data.go:73.2,77.46 3 0
github.com/remiges-tech/crux/matching-engine/verify_data.go:77.46,79.58 2 0
github.com/remiges-tech/crux/matching-engine/verify_data.go:79.59,81.4 0 0
github.com/remiges-tech/crux/matching-engine/verify_data.go:81.9,85.4 3 0
github.com/remiges-tech/crux/matching-engine/verify_data.go:87.3,87.39 1 0
github.com/remiges-tech/crux/matching-engine/verify_data.go:87.39,91.4 3 0
github.com/remiges-tech/crux/matching-engine/verify_data.go:91.9,91.77 1 0
github.com/remiges-tech/crux/matching-engine/verify_data.go:91.77,95.4 3 0
github.com/remiges-tech/crux/matching-engine/verify_data.go:96.3,96.40 1 0
github.com/remiges-tech/crux/matching-engine/verify_data.go:96.40,97.44 1 0
github.com/remiges-tech/crux/matching-engine/verify_data.go:97.44,101.5 3 0
github.com/remiges-tech/crux/matching-engine/verify_data.go:105.3,105.64 1 0
github.com/remiges-tech/crux/matching-engine/verify_data.go:105.64,107.4 1 0
github.com/remiges-tech/crux/matching-engine/verify_data.go:109.3,109.82 1 0
github.com/remiges-tech/crux/matching-engine/verify_data.go:109.82,113.4 3 0
github.com/remiges-tech/crux/matching-engine/verify_data.go:114.3,114.70 1 0
github.com/remiges-tech/crux/matching-engine/verify_data.go:114.70,116.4 1 0
github.com/remiges-tech/crux/matching-engine/verify_data.go:120.2,120.46 1 0
github.com/remiges-tech/crux/matching-engine/verify_data.go:120.46,123.3 2 0
github.com/remiges-tech/crux/matching-engine/verify_data.go:125.2,125.13 1 0
github.com/remiges-tech/crux/matching-engine/verify_data.go:129.57,132.77 3 0
github.com/remiges-tech/crux/matching-engine/verify_data.go:132.77,135.3 2 0
github.com/remiges-tech/crux/matching-engine/verify_data.go:136.2,136.45 1 0
github.com/remiges-tech/crux/matching-engine/verify_data.go:136.45,138.28 2 0
github.com/remiges-tech/crux/matching-engine/verify_data.go:138.28,142.4 3 0
github.com/remiges-tech/crux/matching-engine/verify_data.go:147.2,147.50 1 0
github.com/remiges-tech/crux/matching-engine/verify_data.go:147.50,150.3 2 0
github.com/remiges-tech/crux/matching-engine/verify_data.go:151.2,153.54 2 0
github.com/remiges-tech/crux/matching-engine/verify_data.go:153.54,155.32 2 0
github.com/remiges-tech/crux/matching-engine/verify_data.go:155.32,159.4 3 0
github.com/remiges-tech/crux/matching-engine/verify_data.go:159.9,159.34 1 0
github.com/remiges-tech/crux/matching-engine/verify_data.go:159.34,161.4 1 0
github.com/remiges-tech/crux/matching-engine/verify_data.go:161.9,161.30 1 0
github.com/remiges-tech/crux/matching-engine/verify_data.go:161.30,163.4 1 0
github.com/remiges-tech/crux/matching-engine/verify_data.go:167.2,167.44 1 0
github.com/remiges-tech/crux/matching-engine/verify_data.go:167.44,170.3 2 0
github.com/remiges-tech/crux/matching-engine/verify_data.go:172.2,172.94 1 0
github.com/remiges-tech/crux/matching-engine/verify_data.go:172.94,175.3 2 0
github.com/remiges-tech/crux/matching-engine/verify_data.go:176.2,176.13 1 0
github.com/remiges-tech/crux/matching-engine/verify_data.go:179.59,181.26 2 0
github.com/remiges-tech/crux/matching-engine/verify_data.go:181.26,183.3 1 0
github.com/remiges-tech/crux/matching-engine/verify_data.go:187.2,187.11 1 0
github.com/remiges-tech/crux/matching-engine/verify_data.go:190.55,192.38 1 0
github.com/remiges-tech/crux/matching-engine/verify_data.go:192.38,193.22 1 0
github.com/remiges-tech/crux/matching-engine/verify_data.go:193.22,196.4 1 0
github.com/remiges-tech/crux/matching-engine/verify_data.go:198.2,198.12 1 0
github.com/remiges-tech/crux/matching-engine/verify_data.go:222.82,224.37 2 0
github.com/remiges-tech/crux/matching-engine/verify_data.go:224.37,226.42 2 0
github.com/remiges-tech/crux/matching-engine/verify_data.go:226.42,230.38 3 0
github.com/remiges-tech/crux/matching-engine/verify_data.go:230.38,234.5 3 0
github.com/remiges-tech/crux/matching-engine/verify_data.go:235.4,235.26 1 0
github.com/remiges-tech/crux/matching-engine/verify_data.go:235.26,239.5 3 0
github.com/remiges-tech/crux/matching-engine/verify_data.go:242.3,242.11 1 0
github.com/remiges-tech/crux/matching-engine/verify_data.go:242.11,244.43 2 0
github.com/remiges-tech/crux/matching-engine/verify_data.go:244.43,245.26 1 0
github.com/remiges-tech/crux/matching-engine/verify_data.go:245.26,247.24 2 0
github.com/remiges-tech/crux/matching-engine/verify_data.go:247.24,249.12 2 0
github.com/remiges-tech/crux/matching-engine/verify_data.go:250.12,250.65 1 0
github.com/remiges-tech/crux/matching-engine/verify_data.go:250.65,254.7 3 0
github.com/remiges-tech/crux/matching-engine/verify_data.go:255.6,256.11 2 0
github.com/remiges-tech/crux/matching-engine/verify_data.go:259.4,259.18 1 0
github.com/remiges-tech/crux/matching-engine/verify_data.go:259.18,263.5 3 0
github.com/remiges-tech/crux/matching-engine/verify_data.go:266.2,266.13 1 0
github.com/remiges-tech/crux/matching-engine/verify_data.go:282.48,283.38 1 1
github.com/remiges-tech/crux/matching-engine/verify_data.go:283.38,284.22 1 1
github.com/remiges-tech/crux/matching-engine/verify_data.go:284.22,286.4 1 1
github.com/remiges-tech/crux/matching-engine/verify_data.go:288.2,288.11 1 0
github.com/remiges-tech/crux/matching-engine/verify_data.go:291.51,292.24 1 0
github.com/remiges-tech/crux/matching-engine/verify_data.go:292.24,294.13 1 0
github.com/remiges-tech/crux/matching-engine/verify_data.go:294.13,297.4 1 0
github.com/remiges-tech/crux/matching-engine/verify_data.go:299.2,299.14 1 0
github.com/remiges-tech/crux/matching-engine/verify_data.go:303.47,306.17 2 0
github.com/remiges-tech/crux/matching-engine/verify_data.go:307.16,308.21 1 0
github.com/remiges-tech/crux/matching-engine/verify_data.go:309.15,310.20 1 0
github.com/remiges-tech/crux/matching-engine/verify_data.go:311.17,312.24 1 0
github.com/remiges-tech/crux/matching-engine/verify_data.go:313.15,315.23 1 0
github.com/remiges-tech/crux/matching-engine/verify_data.go:316.16,318.23 1 0
github.com/remiges-tech/crux/matching-engine/verify_data.go:319.14,322.20 3 0
github.com/remiges-tech/crux/matching-engine/verify_data.go:325.2,325.11 1 0
github.com/remiges-tech/crux/matching-engine/verify_data.go:328.81,331.37 2 0
github.com/remiges-tech/crux/matching-engine/verify_data.go:331.37,333.43 2 0
github.com/remiges-tech/crux/matching-engine/verify_data.go:333.43,340.23 5 0
github.com/remiges-tech/crux/matching-engine/verify_data.go:340.23,344.5 3 0
github.com/remiges-tech/crux/matching-engine/verify_data.go:345.4,345.53 1 0
github.com/remiges-tech/crux/matching-engine/verify_data.go:345.53,347.10 2 0
github.com/remiges-tech/crux/matching-engine/verify_data.go:350.4,350.14 1 0
github.com/remiges-tech/crux/matching-engine/verify_data.go:350.14,354.5 3 0
github.com/remiges-tech/crux/matching-engine/verify_data.go:357.3,357.53 1 0
github.com/remiges-tech/crux/matching-engine/verify_data.go:357.53,360.65 2 0
github.com/remiges-tech/crux/matching-engine/verify_data.go:360.65,362.10 2 0
github.com/remiges-tech/crux/matching-engine/verify_data.go:365.4,365.14 1 0
github.com/remiges-tech/crux/matching-engine/verify_data.go:365.14,370.5 3 0
github.com/remiges-tech/crux/matching-engine/verify_data.go:374.3,374.11 1 0
github.com/remiges-tech/crux/matching-engine/verify_data.go:374.11,377.30 2 0
github.com/remiges-tech/crux/matching-engine/verify_data.go:377.30,381.5 3 0
github.com/remiges-tech/crux/matching-engine/verify_data.go:382.4,382.53 1 0
github.com/remiges-tech/crux/matching-engine/verify_data.go:382.53,386.5 3 0
github.com/remiges-tech/crux/matching-engine/verify_data.go:396.2,396.13 1 0
github.com/remiges-tech/crux/matching-engine/verify_data.go:399.70,401.31 2 0
github.com/remiges-tech/crux/matching-engine/verify_data.go:401.31,403.23 1 0
github.com/remiges-tech/crux/matching-engine/verify_data.go:403.23,405.4 1 0
github.com/remiges-tech/crux/matching-engine/verify_data.go:406.3,406.37 1 0
github.com/remiges-tech/crux/matching-engine/verify_data.go:406.37,408.4 1 0
github.com/remiges-tech/crux/matching-engine/verify_data.go:410.2,410.27 1 0
github.com/remiges-tech/crux/matching-engine/verify_data.go:438.49,440.41 1 1
github.com/remiges-tech/crux/matching-engine/verify_data.go:440.41,443.14 2 1
github.com/remiges-tech/crux/matching-engine/verify_data.go:443.14,445.4 1 0
github.com/remiges-tech/crux/matching-engine/verify_data.go:446.3,447.17 2 1
github.com/remiges-tech/crux/matching-engine/verify_data.go:447.17,449.4 1 0
github.com/remiges-tech/crux/matching-engine/verify_data.go:451.2,451.43 1 1
github.com/remiges-tech/crux/matching-engine/verify_data.go:451.43,453.3 1 0
github.com/remiges-tech/crux/matching-engine/verify_data.go:454.2,454.12 1 1
github.com/remiges-tech/crux/matching-engine/verify_data.go:457.49,459.2 1 1
github.com/remiges-tech/crux/server/wsc_utils.go:27.58,29.19 2 0
github.com/remiges-tech/crux/server/wsc_utils.go:30.18,31.38 1 0
github.com/remiges-tech/crux/server/wsc_utils.go:32.15,33.52 1 0
github.com/remiges-tech/crux/server/wsc_utils.go:34.12,35.51 1 0
github.com/remiges-tech/crux/server/wsc_utils.go:36.10,37.41 1 0
github.com/remiges-tech/crux/server/wsc_utils.go:39.2,39.13 1 0
github.com/remiges-tech/crux/server/wsc_utils.go:42.35,44.16 2 0
github.com/remiges-tech/crux/server/wsc_utils.go:44.16,46.3 1 0
github.com/remiges-tech/crux/server/wsc_utils.go:47.2,47.17 1 0
github.com/remiges-tech/crux/server/wsc_utils.go:50.56,53.16 2 0
github.com/remiges-tech/crux/server/wsc_utils.go:53.16,55.3 1 0
github.com/remiges-tech/crux/server/wsc_utils.go:56.2,58.16 3 0
github.com/remiges-tech/crux/server/wsc_utils.go:58.16,60.3 1 0
github.com/remiges-tech/crux/server/wsc_utils.go:61.2,61.22 1 0
github.com/remiges-tech/crux/server/wsc_utils.go:65.36,67.2 1 0
github.com/remiges-tech/crux/server/wsc_utils.go:70.40,73.2 2 0
github.com/remiges-tech/crux/server/wsc_utils.go:76.45,78.2 1 0
github.com/remiges-tech/crux/server/wsc_utils.go:80.63,83.2 2 1
github.com/remiges-tech/crux/server/wsc_utils.go:86.48,88.2 1 0
github.com/remiges-tech/crux/server/wsc_utils.go:91.82,93.16 2 0
github.com/remiges-tech/crux/server/wsc_utils.go:93.16,95.3 1 0
github.com/remiges-tech/crux/server/wsc_utils.go:96.2,98.16 3 0
github.com/remiges-tech/crux/server/wsc_utils.go:98.16,100.3 1 0
github.com/remiges-tech/crux/server/wsc_utils.go:102.2,102.52 1 0
github.com/remiges-tech/crux/server/wsc_utils.go:102.52,104.3 1 0
github.com/remiges-tech/crux/server/wsc_utils.go:106.2,106.16 1 0
github.com/remiges-tech/crux/server/wsc_utils.go:106.16,108.3 1 0
github.com/remiges-tech/crux/server/wsc_utils.go:110.2,110.18 1 0
github.com/remiges-tech/crux/server/wsc_utils.go:113.58,115.16 2 0
github.com/remiges-tech/crux/server/wsc_utils.go:115.16,117.3 1 0
github.com/remiges-tech/crux/server/wsc_utils.go:118.2,120.19 3 0
github.com/remiges-tech/crux/server/wsc_utils.go:123.61,125.2 1 0
github.com/remiges-tech/crux/server/wsc_utils.go:127.60,129.27 2 0
github.com/remiges-tech/crux/server/wsc_utils.go:129.27,133.31 3 0
github.com/remiges-tech/crux/server/wsc_utils.go:133.31,134.27 1 0
github.com/remiges-tech/crux/server/wsc_utils.go:135.17,137.54 2 0
github.com/remiges-tech/crux/server/wsc_utils.go:138.19,140.54 2 0
github.com/remiges-tech/crux/server/wsc_utils.go:141.22,143.54 2 0
github.com/remiges-tech/crux/server/wsc_utils.go:144.20,146.54 2 0
github.com/remiges-tech/crux/server/wsc_utils.go:147.20,149.54 2 0
github.com/remiges-tech/crux/server/wsc_utils.go:150.20,152.54 2 0
github.com/remiges-tech/crux/server/wsc_utils.go:153.12,155.54 2 0
github.com/remiges-tech/crux/server/wsc_utils.go:160.2,160.25 1 0
github.com/remiges-tech/crux/server/wsc_utils.go:163.49,165.2 1 0
github.com/remiges-tech/crux/server/markdone/markdone.go:130.158,135.16 4 1
github.com/remiges-tech/crux/server/markdone/markdone.go:135.16,138.3 2 1
github.com/remiges-tech/crux/server/markdone/markdone.go:139.2,140.9 2 1
github.com/remiges-tech/crux/server/markdone/markdone.go:140.9,143.3 2 0
github.com/remiges-tech/crux/server/markdone/markdone.go:145.2,146.16 2 1
github.com/remiges-tech/crux/server/markdone/markdone.go:146.16,149.3 2 0
github.com/remiges-tech/crux/server/markdone/markdone.go:150.2,153.16 3 1
github.com/remiges-tech/crux/server/markdone/markdone.go:153.16,156.3 2 0
github.com/remiges-tech/crux/server/markdone/markdone.go:156.8,156.44 1 1
github.com/remiges-tech/crux/server/markdone/markdone.go:156.44,159.3 2 0
github.com/remiges-tech/crux/server/markdone/markdone.go:161.2,169.16 3 1
github.com/remiges-tech/crux/server/markdone/markdone.go:169.16,172.3 2 0
github.com/remiges-tech/crux/server/markdone/markdone.go:174.2,176.16 2 1
github.com/remiges-tech/crux/server/markdone/markdone.go:176.16,183.17 4 1
github.com/remiges-tech/crux/server/markdone/markdone.go:183.17,186.4 2 0
github.com/remiges-tech/crux/server/markdone/markdone.go:188.3,188.47 1 1
github.com/remiges-tech/crux/server/markdone/markdone.go:188.47,190.18 2 1
github.com/remiges-tech/crux/server/markdone/markdone.go:190.18,193.5 2 0
github.com/remiges-tech/crux/server/markdone/markdone.go:194.4,194.19 1 1
github.com/remiges-tech/crux/server/markdone/markdone.go:197.3,197.31 1 0
github.com/remiges-tech/crux/server/markdone/markdone.go:197.31,217.18 4 0
github.com/remiges-tech/crux/server/markdone/markdone.go:217.18,220.5 2 0
github.com/remiges-tech/crux/server/markdone/markdone.go:221.4,221.24 1 0
github.com/remiges-tech/crux/server/markdone/markdone.go:222.9,225.18 3 0
github.com/remiges-tech/crux/server/markdone/markdone.go:225.18,228.5 2 0
github.com/remiges-tech/crux/server/markdone/markdone.go:229.4,233.24 2 0
github.com/remiges-tech/crux/server/markdone/markdone.go:237.2,238.22 2 1
github.com/remiges-tech/crux/server/markdone/markdone.go:238.22,249.17 4 1
github.com/remiges-tech/crux/server/markdone/markdone.go:249.17,252.4 2 0
github.com/remiges-tech/crux/server/markdone/markdone.go:254.3,254.13 1 1
github.com/remiges-tech/crux/server/markdone/markdone.go:254.13,256.4 1 0
github.com/remiges-tech/crux/server/markdone/markdone.go:257.3,257.47 1 1
github.com/remiges-tech/crux/server/markdone/markdone.go:257.47,259.18 2 0
github.com/remiges-tech/crux/server/markdone/markdone.go:259.18,262.5 2 0
github.com/remiges-tech/crux/server/markdone/markdone.go:263.4,263.19 1 0
github.com/remiges-tech/crux/server/markdone/markdone.go:266.3,266.31 1 1
github.com/remiges-tech/crux/server/markdone/markdone.go:266.31,271.18 2 1
github.com/remiges-tech/crux/server/markdone/markdone.go:271.18,274.5 2 0
github.com/remiges-tech/crux/server/markdone/markdone.go:275.4,315.18 5 1
github.com/remiges-tech/crux/server/markdone/markdone.go:315.18,318.5 2 0
github.com/remiges-tech/crux/server/markdone/markdone.go:322.4,337.18 4 1
github.com/remiges-tech/crux/server/markdone/markdone.go:337.18,340.5 2 0
github.com/remiges-tech/crux/server/markdone/markdone.go:341.4,341.24 1 1
github.com/remiges-tech/crux/server/markdone/markdone.go:342.9,350.4 4 0
github.com/remiges-tech/crux/server/markdone/markdone.go:351.8,351.28 1 1
github.com/remiges-tech/crux/server/markdone/markdone.go:351.28,356.17 3 1
github.com/remiges-tech/crux/server/markdone/markdone.go:356.17,359.4 2 0
github.com/remiges-tech/crux/server/markdone/markdone.go:361.3,362.17 2 1
github.com/remiges-tech/crux/server/markdone/markdone.go:362.17,365.4 2 0
github.com/remiges-tech/crux/server/markdone/markdone.go:368.3,369.42 2 1
github.com/remiges-tech/crux/server/markdone/markdone.go:369.42,371.18 2 1
github.com/remiges-tech/crux/server/markdone/markdone.go:371.18,373.5 1 0
github.com/remiges-tech/crux/server/markdone/markdone.go:375.4,375.16 1 1
github.com/remiges-tech/crux/server/markdone/markdone.go:375.16,377.10 2 1
github.com/remiges-tech/crux/server/markdone/markdone.go:381.3,381.14 1 1
github.com/remiges-tech/crux/server/markdone/markdone.go:381.14,392.18 5 1
github.com/remiges-tech/crux/server/markdone/markdone.go:392.18,395.5 2 0
github.com/remiges-tech/crux/server/markdone/markdone.go:397.4,397.48 1 1
github.com/remiges-tech/crux/server/markdone/markdone.go:397.48,400.19 2 0
github.com/remiges-tech/crux/server/markdone/markdone.go:400.19,403.6 2 0
github.com/remiges-tech/crux/server/markdone/markdone.go:404.5,404.20 1 0
github.com/remiges-tech/crux/server/markdone/markdone.go:407.4,407.33 1 1
github.com/remiges-tech/crux/server/markdone/markdone.go:407.33,411.19 2 1
github.com/remiges-tech/crux/server/markdone/markdone.go:411.19,414.6 2 0
github.com/remiges-tech/crux/server/markdone/markdone.go:415.5,470.19 6 1
github.com/remiges-tech/crux/server/markdone/markdone.go:470.19,473.6 2 0
github.com/remiges-tech/crux/server/markdone/markdone.go:474.5,474.25 1 1
github.com/remiges-tech/crux/server/markdone/markdone.go:475.10,483.5 4 0
github.com/remiges-tech/crux/server/markdone/markdone.go:485.9,498.4 3 1
github.com/remiges-tech/crux/server/markdone/markdone.go:501.2,501.84 1 0
github.com/remiges-tech/crux/server/markdone/markdoneutils.go:16.90,23.2 2 1
github.com/remiges-tech/crux/server/markdone/markdoneutils.go:25.131,33.16 3 1
github.com/remiges-tech/crux/server/markdone/markdoneutils.go:33.16,35.3 1 0
github.com/remiges-tech/crux/server/markdone/markdoneutils.go:36.2,36.19 1 1
github.com/remiges-tech/crux/server/markdone/markdoneutils.go:39.128,51.2 2 0
github.com/remiges-tech/crux/server/markdone/markdoneutils.go:52.120,65.2 2 1
github.com/remiges-tech/crux/server/markdone/markdoneutils.go:67.123,78.16 5 1
github.com/remiges-tech/crux/server/markdone/markdoneutils.go:78.16,80.3 1 0
github.com/remiges-tech/crux/server/markdone/markdoneutils.go:81.2,81.18 1 1
github.com/remiges-tech/crux/server/markdone/markdoneutils.go:84.162,89.16 2 1
github.com/remiges-tech/crux/server/markdone/markdoneutils.go:89.16,92.3 2 0
github.com/remiges-tech/crux/server/markdone/markdoneutils.go:93.2,132.8 3 1
github.com/remiges-tech/crux/server/markdone/markdonewsc.go:29.61,52.16 5 1
github.com/remiges-tech/crux/server/markdone/markdonewsc.go:52.16,56.3 3 0
github.com/remiges-tech/crux/server/markdone/markdonewsc.go:57.2,62.16 4 1
github.com/remiges-tech/crux/server/markdone/markdonewsc.go:62.16,65.3 2 0
github.com/remiges-tech/crux/server/markdone/markdonewsc.go:67.2,67.88 1 1
github.com/remiges-tech/crux/server/markdone/markdonewsc.go:67.88,67.109 1 1
github.com/remiges-tech/crux/server/markdone/markdonewsc.go:68.2,68.31 1 1
github.com/remiges-tech/crux/server/markdone/markdonewsc.go:68.31,72.3 3 1
github.com/remiges-tech/crux/server/markdone/markdonewsc.go:74.2,75.9 2 1
github.com/remiges-tech/crux/server/markdone/markdonewsc.go:75.9,79.3 3 0
github.com/remiges-tech/crux/server/markdone/markdonewsc.go:81.2,82.9 2 1
github.com/remiges-tech/crux/server/markdone/markdonewsc.go:82.9,86.3 3 0
github.com/remiges-tech/crux/server/markdone/markdonewsc.go:87.2,88.16 2 1
github.com/remiges-tech/crux/server/markdone/markdonewsc.go:88.16,92.3 3 0
github.com/remiges-tech/crux/server/markdone/markdonewsc.go:93.2,123.16 6 1
github.com/remiges-tech/crux/server/markdone/markdonewsc.go:123.16,127.3 3 1
github.com/remiges-tech/crux/server/markdone/markdonewsc.go:129.2,129.37 1 1
github.com/remiges-tech/crux/server/markdone/markdonewsc.go:129.37,133.3 3 0
github.com/remiges-tech/crux/server/markdone/markdonewsc.go:134.2,135.62 2 1
github.com/remiges-tech/crux/server/wfinstance/wfinstance_abort.go:24.61,34.16 5 0
github.com/remiges-tech/crux/server/wfinstance/wfinstance_abort.go:34.16,38.3 3 0
github.com/remiges-tech/crux/server/wfinstance/wfinstance_abort.go:47.2,51.16 2 0
github.com/remiges-tech/crux/server/wfinstance/wfinstance_abort.go:51.16,55.3 3 0
github.com/remiges-tech/crux/server/wfinstance/wfinstance_abort.go:58.2,59.16 2 0
github.com/remiges-tech/crux/server/wfinstance/wfinstance_abort.go:59.16,62.3 2 0
github.com/remiges-tech/crux/server/wfinstance/wfinstance_abort.go:64.2,64.92 1 0
github.com/remiges-tech/crux/server/wfinstance/wfinstance_abort.go:64.92,64.113 1 0
github.com/remiges-tech/crux/server/wfinstance/wfinstance_abort.go:65.2,65.31 1 0
github.com/remiges-tech/crux/server/wfinstance/wfinstance_abort.go:65.31,69.3 3 0
github.com/remiges-tech/crux/server/wfinstance/wfinstance_abort.go:71.2,71.50 1 0
github.com/remiges-tech/crux/server/wfinstance/wfinstance_abort.go:71.50,75.3 3 0
github.com/remiges-tech/crux/server/wfinstance/wfinstance_abort.go:76.2,76.50 1 0
github.com/remiges-tech/crux/server/wfinstance/wfinstance_abort.go:76.50,80.3 3 0
github.com/remiges-tech/crux/server/wfinstance/wfinstance_abort.go:83.2,83.23 1 0
github.com/remiges-tech/crux/server/wfinstance/wfinstance_abort.go:83.23,86.3 2 0
github.com/remiges-tech/crux/server/wfinstance/wfinstance_abort.go:86.8,88.3 1 0
github.com/remiges-tech/crux/server/wfinstance/wfinstance_abort.go:89.2,92.9 3 0
github.com/remiges-tech/crux/server/wfinstance/wfinstance_abort.go:92.9,95.3 2 0
github.com/remiges-tech/crux/server/wfinstance/wfinstance_abort.go:97.2,101.18 2 0
github.com/remiges-tech/crux/server/wfinstance/wfinstance_abort.go:101.18,106.3 4 0
github.com/remiges-tech/crux/server/wfinstance/wfinstance_abort.go:108.2,108.40 1 0
github.com/remiges-tech/crux/server/wfinstance/wfinstance_abort.go:108.40,112.3 3 0
github.com/remiges-tech/crux/server/wfinstance/wfinstance_abort.go:115.2,118.24 3 0
github.com/remiges-tech/crux/server/wfinstance/wfinstance_abort.go:118.24,125.17 3 0
github.com/remiges-tech/crux/server/wfinstance/wfinstance_abort.go:125.17,130.4 4 0
github.com/remiges-tech/crux/server/wfinstance/wfinstance_abort.go:133.3,137.82 3 0
github.com/remiges-tech/crux/server/wfinstance/wfinstance_abort.go:141.2,141.47 1 0
github.com/remiges-tech/crux/server/wfinstance/wfinstance_abort.go:141.47,153.3 2 0
github.com/remiges-tech/crux/server/wfinstance/wfinstance_abort.go:155.2,155.85 1 0
github.com/remiges-tech/crux/server/wfinstance/wfinstance_list.go:47.60,57.16 5 0
github.com/remiges-tech/crux/server/wfinstance/wfinstance_list.go:57.16,61.3 3 0
github.com/remiges-tech/crux/server/wfinstance/wfinstance_list.go:69.2,73.16 2 0
github.com/remiges-tech/crux/server/wfinstance/wfinstance_list.go:73.16,77.3 3 0
github.com/remiges-tech/crux/server/wfinstance/wfinstance_list.go:80.2,81.16 2 0
github.com/remiges-tech/crux/server/wfinstance/wfinstance_list.go:81.16,84.3 2 0
github.com/remiges-tech/crux/server/wfinstance/wfinstance_list.go:87.2,87.84 1 0
github.com/remiges-tech/crux/server/wfinstance/wfinstance_list.go:87.84,87.105 1 0
github.com/remiges-tech/crux/server/wfinstance/wfinstance_list.go:88.2,88.23 1 0
github.com/remiges-tech/crux/server/wfinstance/wfinstance_list.go:88.23,92.3 3 0
github.com/remiges-tech/crux/server/wfinstance/wfinstance_list.go:95.2,99.9 4 0
github.com/remiges-tech/crux/server/wfinstance/wfinstance_list.go:99.9,103.3 3 0
github.com/remiges-tech/crux/server/wfinstance/wfinstance_list.go:106.2,113.18 2 0
github.com/remiges-tech/crux/server/wfinstance/wfinstance_list.go:113.18,118.3 4 0
github.com/remiges-tech/crux/server/wfinstance/wfinstance_list.go:120.2,120.30 1 0
github.com/remiges-tech/crux/server/wfinstance/wfinstance_list.go:120.30,124.3 3 0
github.com/remiges-tech/crux/server/wfinstance/wfinstance_list.go:127.2,130.24 3 0
github.com/remiges-tech/crux/server/wfinstance/wfinstance_list.go:130.24,134.17 3 0
github.com/remiges-tech/crux/server/wfinstance/wfinstance_list.go:134.17,139.4 4 0
github.com/remiges-tech/crux/server/wfinstance/wfinstance_list.go:142.3,146.81 3 0
github.com/remiges-tech/crux/server/wfinstance/wfinstance_list.go:148.2,149.37 2 0
github.com/remiges-tech/crux/server/wfinstance/wfinstance_list.go:149.37,162.23 11 0
github.com/remiges-tech/crux/server/wfinstance/wfinstance_list.go:162.23,164.4 1 0
github.com/remiges-tech/crux/server/wfinstance/wfinstance_list.go:167.3,167.24 1 0
github.com/remiges-tech/crux/server/wfinstance/wfinstance_list.go:167.24,169.4 1 0
github.com/remiges-tech/crux/server/wfinstance/wfinstance_list.go:169.9,171.4 1 0
github.com/remiges-tech/crux/server/wfinstance/wfinstance_list.go:173.3,173.48 1 0
github.com/remiges-tech/crux/server/wfinstance/wfinstance_list.go:176.2,177.127 2 0
github.com/remiges-tech/crux/server/wfinstance/wfinstance_list.go:181.93,183.22 1 0
github.com/remiges-tech/crux/server/wfinstance/wfinstance_list.go:183.22,185.3 1 0
github.com/remiges-tech/crux/server/wfinstance/wfinstance_list.go:186.2,186.25 1 0
github.com/remiges-tech/crux/server/wfinstance/wfinstance_list.go:186.25,188.3 1 0
github.com/remiges-tech/crux/server/wfinstance/wfinstance_list.go:189.2,189.20 1 0
github.com/remiges-tech/crux/server/wfinstance/wfinstance_list.go:189.20,191.3 1 0
github.com/remiges-tech/crux/server/wfinstance/wfinstance_list.go:192.2,192.25 1 0
github.com/remiges-tech/crux/server/wfinstance/wfinstance_list.go:192.25,194.3 1 0
github.com/remiges-tech/crux/server/wfinstance/wfinstance_list.go:195.2,195.23 1 0
github.com/remiges-tech/crux/server/wfinstance/wfinstance_list.go:195.23,197.3 1 0
github.com/remiges-tech/crux/server/wfinstance/wfinstance_list.go:198.2,198.15 1 0
github.com/remiges-tech/crux/server/wfinstance/wfinstance_new.go:41.59,73.16 5 0
github.com/remiges-tech/crux/server/wfinstance/wfinstance_new.go:73.16,77.3 3 0
github.com/remiges-tech/crux/server/wfinstance/wfinstance_new.go:80.2,81.16 2 0
github.com/remiges-tech/crux/server/wfinstance/wfinstance_new.go:81.16,84.3 2 0
github.com/remiges-tech/crux/server/wfinstance/wfinstance_new.go:86.2,86.101 1 0
github.com/remiges-tech/crux/server/wfinstance/wfinstance_new.go:86.101,86.122 1 0
github.com/remiges-tech/crux/server/wfinstance/wfinstance_new.go:87.2,87.31 1 0
github.com/remiges-tech/crux/server/wfinstance/wfinstance_new.go:87.31,91.3 3 0
github.com/remiges-tech/crux/server/wfinstance/wfinstance_new.go:93.2,95.36 3 0
github.com/remiges-tech/crux/server/wfinstance/wfinstance_new.go:95.36,100.3 3 0
github.com/remiges-tech/crux/server/wfinstance/wfinstance_new.go:100.8,104.3 1 0
github.com/remiges-tech/crux/server/wfinstance/wfinstance_new.go:105.2,127.9 4 0
github.com/remiges-tech/crux/server/wfinstance/wfinstance_new.go:127.9,131.3 3 0
github.com/remiges-tech/crux/server/wfinstance/wfinstance_new.go:133.2,135.16 3 0
github.com/remiges-tech/crux/server/wfinstance/wfinstance_new.go:135.16,139.3 3 0
github.com/remiges-tech/crux/server/wfinstance/wfinstance_new.go:139.8,139.44 1 0
github.com/remiges-tech/crux/server/wfinstance/wfinstance_new.go:139.44,143.3 3 0
github.com/remiges-tech/crux/server/wfinstance/wfinstance_new.go:153.2,154.16 2 0
github.com/remiges-tech/crux/server/wfinstance/wfinstance_new.go:154.16,158.3 3 0
github.com/remiges-tech/crux/server/wfinstance/wfinstance_new.go:161.2,162.18 2 0
github.com/remiges-tech/crux/server/wfinstance/wfinstance_new.go:162.18,166.3 3 0
github.com/remiges-tech/crux/server/wfinstance/wfinstance_new.go:167.2,167.29 1 0
github.com/remiges-tech/crux/server/wfinstance/wfinstance_new.go:167.29,169.3 1 0
github.com/remiges-tech/crux/server/wfinstance/wfinstance_new.go:169.8,171.3 1 0
github.com/remiges-tech/crux/server/wfinstance/wfinstance_new.go:173.2,173.18 1 0
github.com/remiges-tech/crux/server/wfinstance/wfinstance_new.go:173.18,178.3 4 0
github.com/remiges-tech/crux/server/wfinstance/wfinstance_new.go:181.2,184.45 2 0
github.com/remiges-tech/crux/server/wfinstance/wfinstance_new.go:184.45,191.17 3 0
github.com/remiges-tech/crux/server/wfinstance/wfinstance_new.go:191.17,195.4 3 0
github.com/remiges-tech/crux/server/wfinstance/wfinstance_new.go:196.3,198.9 3 0
github.com/remiges-tech/crux/server/wfinstance/wfinstance_new.go:201.2,201.44 1 0
github.com/remiges-tech/crux/server/wfinstance/wfinstance_new.go:201.44,208.17 3 0
github.com/remiges-tech/crux/server/wfinstance/wfinstance_new.go:208.17,212.4 3 0
github.com/remiges-tech/crux/server/wfinstance/wfinstance_new.go:213.3,214.73 2 0
github.com/remiges-tech/crux/server/wfinstance/wfinstance_new.go:220.72,225.36 4 0
github.com/remiges-tech/crux/server/wfinstance/wfinstance_new.go:225.36,226.39 1 0
github.com/remiges-tech/crux/server/wfinstance/wfinstance_new.go:226.39,229.4 2 0
github.com/remiges-tech/crux/server/wfinstance/wfinstance_new.go:232.2,232.30 1 0
github.com/remiges-tech/crux/server/wfinstance/wfinstance_new.go:232.30,234.3 1 0
github.com/remiges-tech/crux/server/wfinstance/wfinstance_new.go:236.2,236.23 1 0
github.com/remiges-tech/crux/server/wfinstance/wfinstancenew_add.go:32.102,41.9 7 1
github.com/remiges-tech/crux/server/wfinstance/wfinstancenew_add.go:41.9,45.3 3 0
github.com/remiges-tech/crux/server/wfinstance/wfinstancenew_add.go:47.2,47.31 1 1
github.com/remiges-tech/crux/server/wfinstance/wfinstancenew_add.go:47.31,50.3 1 0
github.com/remiges-tech/crux/server/wfinstance/wfinstancenew_add.go:53.2,63.18 2 1
github.com/remiges-tech/crux/server/wfinstance/wfinstancenew_add.go:63.18,66.3 2 0
github.com/remiges-tech/crux/server/wfinstance/wfinstancenew_add.go:69.2,69.35 1 1
github.com/remiges-tech/crux/server/wfinstance/wfinstancenew_add.go:69.35,82.3 2 1
github.com/remiges-tech/crux/server/wfinstance/wfinstancenew_add.go:85.2,86.33 2 1
github.com/remiges-tech/crux/server/wfinstance/wfinstancenew_add.go:86.33,89.17 2 1
github.com/remiges-tech/crux/server/wfinstance/wfinstancenew_add.go:89.17,90.46 1 1
github.com/remiges-tech/crux/server/wfinstance/wfinstancenew_add.go:90.46,91.13 1 1
github.com/remiges-tech/crux/server/wfinstance/wfinstancenew_add.go:96.3,96.17 1 1
github.com/remiges-tech/crux/server/wfinstance/wfinstancenew_add.go:96.17,98.4 1 1
github.com/remiges-tech/crux/server/wfinstance/wfinstancenew_add.go:102.2,111.22 4 1
github.com/remiges-tech/crux/server/wfinstance/wfinstancenew_add.go:115.55,122.37 6 1
github.com/remiges-tech/crux/server/wfinstance/wfinstancenew_add.go:122.37,130.3 4 1
github.com/remiges-tech/crux/server/wfinstance/wfinstancenew_add.go:132.2,132.20 1 1
github.com/remiges-tech/crux/server/wfinstance/wfinstancenew_add.go:132.20,140.3 1 1
github.com/remiges-tech/crux/server/wfinstance/wfinstancenew_add.go:140.8,147.3 1 1
github.com/remiges-tech/crux/server/wfinstance/wfinstancenew_add.go:148.2,148.17 1 1
github.com/remiges-tech/crux/server/wfinstance/wfinstancenew_add.go:152.47,153.16 1 0
github.com/remiges-tech/crux/server/wfinstance/wfinstancenew_add.go:153.16,158.3 1 0
github.com/remiges-tech/crux/server/wfinstance/wfinstancenew_add.go:159.2,159.48 1 0
github.com/remiges-tech/crux/server/wfinstance/wfinstancenew_validation.go:17.137,24.9 6 0
github.com/remiges-tech/crux/server/wfinstance/wfinstancenew_validation.go:24.9,28.3 3 0
github.com/remiges-tech/crux/server/wfinstance/wfinstancenew_validation.go:30.2,31.36 2 0
github.com/remiges-tech/crux/server/wfinstance/wfinstancenew_validation.go:31.36,35.3 3 0
github.com/remiges-tech/crux/server/wfinstance/wfinstancenew_validation.go:38.2,40.36 2 0
github.com/remiges-tech/crux/server/wfinstance/wfinstancenew_validation.go:40.36,44.3 3 0
github.com/remiges-tech/crux/server/wfinstance/wfinstancenew_validation.go:47.2,54.16 3 0
github.com/remiges-tech/crux/server/wfinstance/wfinstancenew_validation.go:54.16,58.3 3 0
github.com/remiges-tech/crux/server/wfinstance/wfinstancenew_validation.go:61.2,63.16 3 0
github.com/remiges-tech/crux/server/wfinstance/wfinstancenew_validation.go:63.16,67.3 3 0
github.com/remiges-tech/crux/server/wfinstance/wfinstancenew_validation.go:68.2,79.34 5 0
github.com/remiges-tech/crux/server/wfinstance/wfinstancenew_validation.go:79.34,84.3 3 0
github.com/remiges-tech/crux/server/wfinstance/wfinstancenew_validation.go:85.2,85.18 1 0
github.com/remiges-tech/crux/server/wfinstance/wfinstancenew_validation.go:89.129,96.9 6 0
github.com/remiges-tech/crux/server/wfinstance/wfinstancenew_validation.go:96.9,101.3 4 0
github.com/remiges-tech/crux/server/wfinstance/wfinstancenew_validation.go:105.2,115.16 4 0
github.com/remiges-tech/crux/server/wfinstance/wfinstancenew_validation.go:115.16,118.3 2 0
github.com/remiges-tech/crux/server/wfinstance/wfinstancenew_validation.go:121.2,129.16 3 0
github.com/remiges-tech/crux/server/wfinstance/wfinstancenew_validation.go:129.16,132.3 2 0
github.com/remiges-tech/crux/server/wfinstance/wfinstancenew_validation.go:137.2,146.40 3 0
github.com/remiges-tech/crux/server/wfinstance/wfinstancenew_validation.go:146.40,149.3 2 0
github.com/remiges-tech/crux/server/wfinstance/wfinstancenew_validation.go:152.2,161.36 3 0
github.com/remiges-tech/crux/server/wfinstance/wfinstancenew_validation.go:161.36,165.3 2 0
github.com/remiges-tech/crux/server/wfinstance/wfinstancenew_validation.go:168.2,176.45 3 0
github.com/remiges-tech/crux/server/wfinstance/wfinstancenew_validation.go:176.45,179.3 2 0
github.com/remiges-tech/crux/server/wfinstance/wfinstancenew_validation.go:181.2,181.21 1 0
github.com/remiges-tech/crux/server/wfinstance/wfinstancenew_validation.go:181.21,183.3 1 0
github.com/remiges-tech/crux/server/wfinstance/wfinstancenew_validation.go:185.2,185.18 1 0
github.com/remiges-tech/crux/server/wfinstance/wfinstancenew_validation.go:189.89,195.25 3 0
github.com/remiges-tech/crux/server/wfinstance/wfinstancenew_validation.go:195.25,198.3 2 0
github.com/remiges-tech/crux/server/wfinstance/wfinstancenew_validation.go:201.2,202.33 2 0
github.com/remiges-tech/crux/server/wfinstance/wfinstancenew_validation.go:202.33,204.14 2 0
github.com/remiges-tech/crux/server/wfinstance/wfinstancenew_validation.go:204.14,208.4 2 0
github.com/remiges-tech/crux/server/wfinstance/wfinstancenew_validation.go:209.3,210.17 2 0
github.com/remiges-tech/crux/server/wfinstance/wfinstancenew_validation.go:210.17,213.4 2 0
github.com/remiges-tech/crux/server/wfinstance/wfinstancenew_validation.go:216.2,216.18 1 0
github.com/remiges-tech/crux/server/wfinstance/wfinstancenew_validation.go:220.52,221.38 1 0
github.com/remiges-tech/crux/server/wfinstance/wfinstancenew_validation.go:221.38,222.22 1 0
github.com/remiges-tech/crux/server/wfinstance/wfinstancenew_validation.go:222.22,224.4 1 0
github.com/remiges-tech/crux/server/wfinstance/wfinstancenew_validation.go:226.2,226.11 1 0
github.com/remiges-tech/crux/server/wfinstance/wfinstancenew_validation.go:230.76,233.16 3 0
github.com/remiges-tech/crux/server/wfinstance/wfinstancenew_validation.go:233.16,235.3 1 0
github.com/remiges-tech/crux/server/wfinstance/wfinstancenew_validation.go:236.2,236.26 1 0
github.com/remiges-tech/crux/server/wfinstance/wfinstancenew_validation.go:240.77,243.35 2 0
github.com/remiges-tech/crux/server/wfinstance/wfinstancenew_validation.go:243.35,244.19 1 0
github.com/remiges-tech/crux/server/wfinstance/wfinstancenew_validation.go:244.19,246.4 1 0
github.com/remiges-tech/crux/server/wfinstance/wfinstancenew_validation.go:248.2,255.21 2 0
github.com/remiges-tech/crux/server/wfinstance/wfinstanceutils.go:8.52,12.27 3 0
github.com/remiges-tech/crux/server/wfinstance/wfinstanceutils.go:12.27,13.23 1 0
github.com/remiges-tech/crux/server/wfinstance/wfinstanceutils.go:13.23,16.15 3 0
github.com/remiges-tech/crux/server/wfinstance/wfinstanceutils.go:16.15,19.5 2 0
github.com/remiges-tech/crux/server/wfinstance/wfinstanceutils.go:22.2,22.16 1 0
github.com/remiges-tech/crux/testutils/test_utils.go:13.35,15.16 2 1
github.com/remiges-tech/crux/testutils/test_utils.go:15.16,17.3 1 0
github.com/remiges-tech/crux/testutils/test_utils.go:18.2,18.17 1 1
github.com/remiges-tech/crux/testutils/test_utils.go:21.56,24.16 2 0
github.com/remiges-tech/crux/testutils/test_utils.go:24.16,26.3 1 0
github.com/remiges-tech/crux/testutils/test_utils.go:27.2,29.16 3 0
github.com/remiges-tech/crux/testutils/test_utils.go:29.16,31.3 1 0
github.com/remiges-tech/crux/testutils/test_utils.go:32.2,32.22 1 0
github.com/remiges-tech/crux/types/types.go:15.39,16.13 1 0
github.com/remiges-tech/crux/types/types.go:17.31,18.14 1 0
github.com/remiges-tech/crux/types/types.go:20.2,20.14 1 0
